# JRE version: Java(TM) SE Runtime Environment (8.0_131-b11) (build 1.8.0_131-b11)
# Java VM: Java HotSpot(TM) Client VM (25.131-b11 mixed mode, sharing windows-x86 )
Heap:
 def new generation   total 15360K, used 9625K [0x04400000, 0x054a0000, 0x09950000)
  eden space 13696K,  68% used [0x04400000, 0x04d29360, 0x05160000)
  from space 1664K,  14% used [0x05300000, 0x0533d188, 0x054a0000)
  to   space 1664K,   0% used [0x05160000, 0x05160000, 0x05300000)
 tenured generation   total 33912K, used 29961K [0x09950000, 0x0ba6e000, 0x14400000)
   the space 33912K,  88% used [0x09950000, 0x0b6925c8, 0x0b692600, 0x0ba6e000)
 Metaspace       used 25365K, capacity 26105K, committed 26112K, reserved 27008K
GC Heap History (10 events):
Event: 14.475 GC heap before
{Heap before GC invocations=78 (full 3):
 def new generation   total 15360K, used 15359K [0x04400000, 0x054a0000, 0x09950000)
  eden space 13696K, 100% used [0x04400000, 0x05160000, 0x05160000)
  from space 1664K,  99% used [0x05160000, 0x052ffff8, 0x05300000)
  to   space 1664K,   0% used [0x05300000, 0x05300000, 0x054a0000)
 tenured generation   total 33912K, used 25670K [0x09950000, 0x0ba6e000, 0x14400000)
   the space 33912K,  75% used [0x09950000, 0x0b261ae8, 0x0b261c00, 0x0ba6e000)
 Metaspace       used 23297K, capacity 23976K, committed 24064K, reserved 24960K
Event: 14.486 GC heap after
Heap after GC invocations=79 (full 3):
 def new generation   total 15360K, used 1664K [0x04400000, 0x054a0000, 0x09950000)
  eden space 13696K,   0% used [0x04400000, 0x04400000, 0x05160000)
  from space 1664K, 100% used [0x05300000, 0x054a0000, 0x054a0000)
  to   space 1664K,   0% used [0x05160000, 0x05160000, 0x05300000)
 tenured generation   total 33912K, used 27512K [0x09950000, 0x0ba6e000, 0x14400000)
   the space 33912K,  81% used [0x09950000, 0x0b42e2a0, 0x0b42e400, 0x0ba6e000)
 Metaspace       used 23297K, capacity 23976K, committed 24064K, reserved 24960K
}
Event: 14.827 GC heap before
{Heap before GC invocations=79 (full 3):
 def new generation   total 15360K, used 15360K [0x04400000, 0x054a0000, 0x09950000)
  eden space 13696K, 100% used [0x04400000, 0x05160000, 0x05160000)
  from space 1664K, 100% used [0x05300000, 0x054a0000, 0x054a0000)
  to   space 1664K,   0% used [0x05160000, 0x05160000, 0x05300000)
 tenured generation   total 33912K, used 27512K [0x09950000, 0x0ba6e000, 0x14400000)
   the space 33912K,  81% used [0x09950000, 0x0b42e2a0, 0x0b42e400, 0x0ba6e000)
 Metaspace       used 24702K, capacity 25424K, committed 25472K, reserved 25984K
Event: 14.838 GC heap after
Heap after GC invocations=80 (full 3):
 def new generation   total 15360K, used 1443K [0x04400000, 0x054a0000, 0x09950000)
  eden space 13696K,   0% used [0x04400000, 0x04400000, 0x05160000)
  from space 1664K,  86% used [0x05160000, 0x052c8e38, 0x05300000)
  to   space 1664K,   0% used [0x05300000, 0x05300000, 0x054a0000)
 tenured generation   total 33912K, used 28966K [0x09950000, 0x0ba6e000, 0x14400000)
   the space 33912K,  85% used [0x09950000, 0x0b599970, 0x0b599a00, 0x0ba6e000)
 Metaspace       used 24702K, capacity 25424K, committed 25472K, reserved 25984K
}
Event: 15.070 GC heap before
{Heap before GC invocations=80 (full 3):
 def new generation   total 15360K, used 15139K [0x04400000, 0x054a0000, 0x09950000)
  eden space 13696K, 100% used [0x04400000, 0x05160000, 0x05160000)
  from space 1664K,  86% used [0x05160000, 0x052c8e38, 0x05300000)
  to   space 1664K,   0% used [0x05300000, 0x05300000, 0x054a0000)
 tenured generation   total 33912K, used 28966K [0x09950000, 0x0ba6e000, 0x14400000)
   the space 33912K,  85% used [0x09950000, 0x0b599970, 0x0b599a00, 0x0ba6e000)
 Metaspace       used 24731K, capacity 25439K, committed 25472K, reserved 25984K
Event: 15.077 GC heap after
Heap after GC invocations=81 (full 3):
 def new generation   total 15360K, used 1232K [0x04400000, 0x054a0000, 0x09950000)
  eden space 13696K,   0% used [0x04400000, 0x04400000, 0x05160000)
  from space 1664K,  74% used [0x05300000, 0x05434220, 0x054a0000)
  to   space 1664K,   0% used [0x05160000, 0x05160000, 0x05300000)
 tenured generation   total 33912K, used 29476K [0x09950000, 0x0ba6e000, 0x14400000)
   the space 33912K,  86% used [0x09950000, 0x0b619278, 0x0b619400, 0x0ba6e000)
 Metaspace       used 24731K, capacity 25439K, committed 25472K, reserved 25984K
}
Event: 15.155 GC heap before
{Heap before GC invocations=81 (full 3):
 def new generation   total 15360K, used 14928K [0x04400000, 0x054a0000, 0x09950000)
  eden space 13696K, 100% used [0x04400000, 0x05160000, 0x05160000)
  from space 1664K,  74% used [0x05300000, 0x05434220, 0x054a0000)
  to   space 1664K,   0% used [0x05160000, 0x05160000, 0x05300000)
 tenured generation   total 33912K, used 29476K [0x09950000, 0x0ba6e000, 0x14400000)
   the space 33912K,  86% used [0x09950000, 0x0b619278, 0x0b619400, 0x0ba6e000)
 Metaspace       used 24744K, capacity 25444K, committed 25472K, reserved 25984K
Event: 15.159 GC heap after
Heap after GC invocations=82 (full 3):
 def new generation   total 15360K, used 123K [0x04400000, 0x054a0000, 0x09950000)
  eden space 13696K,   0% used [0x04400000, 0x04400000, 0x05160000)
  from space 1664K,   7% used [0x05160000, 0x0517ee50, 0x05300000)
  to   space 1664K,   0% used [0x05300000, 0x05300000, 0x054a0000)
 tenured generation   total 33912K, used 29961K [0x09950000, 0x0ba6e000, 0x14400000)
   the space 33912K,  88% used [0x09950000, 0x0b6925c8, 0x0b692600, 0x0ba6e000)
 Metaspace       used 24744K, capacity 25444K, committed 25472K, reserved 25984K
}
Event: 15.285 GC heap before
{Heap before GC invocations=82 (full 3):
 def new generation   total 15360K, used 13819K [0x04400000, 0x054a0000, 0x09950000)
  eden space 13696K, 100% used [0x04400000, 0x05160000, 0x05160000)
  from space 1664K,   7% used [0x05160000, 0x0517ee50, 0x05300000)
  to   space 1664K,   0% used [0x05300000, 0x05300000, 0x054a0000)
 tenured generation   total 33912K, used 29961K [0x09950000, 0x0ba6e000, 0x14400000)
   the space 33912K,  88% used [0x09950000, 0x0b6925c8, 0x0b692600, 0x0ba6e000)
 Metaspace       used 24770K, capacity 25447K, committed 25472K, reserved 25984K
Event: 15.288 GC heap after
Heap after GC invocations=83 (full 3):
 def new generation   total 15360K, used 244K [0x04400000, 0x054a0000, 0x09950000)
  eden space 13696K,   0% used [0x04400000, 0x04400000, 0x05160000)
  from space 1664K,  14% used [0x05300000, 0x0533d188, 0x054a0000)
  to   space 1664K,   0% used [0x05160000, 0x05160000, 0x05300000)
 tenured generation   total 33912K, used 29961K [0x09950000, 0x0ba6e000, 0x14400000)
   the space 33912K,  88% used [0x09950000, 0x0b6925c8, 0x0b692600, 0x0ba6e000)
 Metaspace       used 24770K, capacity 25447K, committed 25472K, reserved 25984K
}

