<?xml version="1.0" encoding="UTF-8"?>
<coverage generated="1498811236279" clover="3.2.0">
  <project timestamp="1498811236280" name="All files">
    <metrics statements="203" coveredstatements="71" conditionals="73" coveredconditionals="20" methods="88" coveredmethods="22" elements="364" coveredelements="113" complexity="0" loc="203" ncloc="203" packages="7" files="22" classes="22">
      <package name="app.components.lib">
        <metrics statements="3" coveredstatements="2" conditionals="3" coveredconditionals="0" methods="1" coveredmethods="0"/>
        <file name="Button.js" path="C:\Users\Admin\apps\demo\RNMobx-boilerplate\app\components\lib\Button.js">
          <metrics statements="3" coveredstatements="2" conditionals="3" coveredconditionals="0" methods="1" coveredmethods="0"/>
          <line num="4" count="1" type="stmt"/>
          <line num="13" count="0" type="stmt"/>
          <line num="28" count="1" type="stmt"/>
        </file>
      </package>
      <package name="app.components.login">
        <metrics statements="42" coveredstatements="1" conditionals="9" coveredconditionals="0" methods="22" coveredmethods="0"/>
        <file name="index.js" path="C:\Users\Admin\apps\demo\RNMobx-boilerplate\app\components\login\index.js">
          <metrics statements="42" coveredstatements="1" conditionals="9" coveredconditionals="0" methods="22" coveredmethods="0"/>
          <line num="39" count="0" type="stmt"/>
          <line num="40" count="0" type="stmt"/>
          <line num="48" count="0" type="stmt"/>
          <line num="51" count="0" type="stmt"/>
          <line num="54" count="0" type="stmt"/>
          <line num="57" count="0" type="stmt"/>
          <line num="58" count="0" type="stmt"/>
          <line num="62" count="0" type="stmt"/>
          <line num="67" count="0" type="stmt"/>
          <line num="68" count="0" type="stmt"/>
          <line num="78" count="0" type="cond" truecount="0" falsecount="2"/>
          <line num="79" count="0" type="stmt"/>
          <line num="81" count="0" type="stmt"/>
          <line num="82" count="0" type="stmt"/>
          <line num="86" count="0" type="stmt"/>
          <line num="87" count="0" type="stmt"/>
          <line num="93" count="0" type="stmt"/>
          <line num="96" count="0" type="stmt"/>
          <line num="97" count="0" type="stmt"/>
          <line num="98" count="0" type="stmt"/>
          <line num="102" count="0" type="stmt"/>
          <line num="108" count="0" type="stmt"/>
          <line num="109" count="0" type="stmt"/>
          <line num="110" count="0" type="stmt"/>
          <line num="114" count="0" type="stmt"/>
          <line num="120" count="0" type="stmt"/>
          <line num="126" count="0" type="stmt"/>
          <line num="127" count="0" type="stmt"/>
          <line num="128" count="0" type="stmt"/>
          <line num="132" count="0" type="stmt"/>
          <line num="133" count="0" type="stmt"/>
          <line num="136" count="0" type="stmt"/>
          <line num="137" count="0" type="stmt"/>
          <line num="141" count="0" type="stmt"/>
          <line num="144" count="0" type="stmt"/>
          <line num="145" count="0" type="stmt"/>
          <line num="146" count="0" type="stmt"/>
          <line num="147" count="0" type="stmt"/>
          <line num="152" count="0" type="cond" truecount="0" falsecount="1"/>
          <line num="153" count="0" type="stmt"/>
          <line num="154" count="0" type="stmt"/>
          <line num="251" count="1" type="stmt"/>
        </file>
      </package>
      <package name="app.constants">
        <metrics statements="23" coveredstatements="23" conditionals="2" coveredconditionals="1" methods="0" coveredmethods="0"/>
        <file name="api.js" path="C:\Users\Admin\apps\demo\RNMobx-boilerplate\app\constants\api.js">
          <metrics statements="9" coveredstatements="9" conditionals="0" coveredconditionals="0" methods="0" coveredmethods="0"/>
          <line num="5" count="5" type="stmt"/>
          <line num="6" count="5" type="stmt"/>
          <line num="7" count="5" type="stmt"/>
          <line num="8" count="5" type="stmt"/>
          <line num="9" count="5" type="stmt"/>
          <line num="10" count="5" type="stmt"/>
          <line num="11" count="5" type="stmt"/>
          <line num="12" count="5" type="stmt"/>
          <line num="13" count="5" type="stmt"/>
        </file>
        <file name="config.js" path="C:\Users\Admin\apps\demo\RNMobx-boilerplate\app\constants\config.js">
          <metrics statements="8" coveredstatements="8" conditionals="2" coveredconditionals="1" methods="0" coveredmethods="0"/>
          <line num="6" count="7" type="stmt"/>
          <line num="7" count="7" type="stmt"/>
          <line num="9" count="7" type="stmt"/>
          <line num="10" count="7" type="stmt"/>
          <line num="13" count="7" type="cond" truecount="1" falsecount="1"/>
          <line num="15" count="7" type="stmt"/>
          <line num="19" count="7" type="stmt"/>
          <line num="21" count="7" type="stmt"/>
        </file>
        <file name="messages.js" path="C:\Users\Admin\apps\demo\RNMobx-boilerplate\app\constants\messages.js">
          <metrics statements="2" coveredstatements="2" conditionals="0" coveredconditionals="0" methods="0" coveredmethods="0"/>
          <line num="5" count="1" type="stmt"/>
          <line num="6" count="1" type="stmt"/>
        </file>
        <file name="routes.js" path="C:\Users\Admin\apps\demo\RNMobx-boilerplate\app\constants\routes.js">
          <metrics statements="4" coveredstatements="4" conditionals="0" coveredconditionals="0" methods="0" coveredmethods="0"/>
          <line num="5" count="6" type="stmt"/>
          <line num="6" count="6" type="stmt"/>
          <line num="7" count="6" type="stmt"/>
          <line num="9" count="6" type="stmt"/>
        </file>
      </package>
      <package name="app.services">
        <metrics statements="60" coveredstatements="25" conditionals="41" coveredconditionals="19" methods="35" coveredmethods="16"/>
        <file name="_fetch.js" path="C:\Users\Admin\apps\demo\RNMobx-boilerplate\app\services\_fetch.js">
          <metrics statements="23" coveredstatements="13" conditionals="23" coveredconditionals="12" methods="10" coveredmethods="8"/>
          <line num="21" count="4" type="cond" truecount="1" falsecount="1"/>
          <line num="22" count="0" type="stmt"/>
          <line num="23" count="0" type="stmt"/>
          <line num="24" count="0" type="stmt"/>
          <line num="30" count="4" type="stmt"/>
          <line num="31" count="4" type="stmt"/>
          <line num="32" count="4" type="stmt"/>
          <line num="40" count="4" type="cond" truecount="1" falsecount="1"/>
          <line num="41" count="0" type="stmt"/>
          <line num="64" count="2" type="stmt"/>
          <line num="82" count="1" type="stmt"/>
          <line num="105" count="0" type="stmt"/>
          <line num="106" count="0" type="stmt"/>
          <line num="107" count="0" type="stmt"/>
          <line num="109" count="0" type="stmt"/>
          <line num="122" count="4" type="stmt"/>
          <line num="123" count="4" type="cond" truecount="1" falsecount="1"/>
          <line num="124" count="0" type="stmt"/>
          <line num="126" count="4" type="cond" truecount="1" falsecount="1"/>
          <line num="127" count="0" type="cond" truecount="0" falsecount="2"/>
          <line num="132" count="4" type="stmt"/>
          <line num="139" count="4" type="stmt"/>
          <line num="141" count="4" type="stmt"/>
        </file>
        <file name="api.js" path="C:\Users\Admin\apps\demo\RNMobx-boilerplate\app\services\api.js">
          <metrics statements="4" coveredstatements="4" conditionals="7" coveredconditionals="5" methods="2" coveredmethods="2"/>
          <line num="18" count="4" type="cond" truecount="2" falsecount="0"/>
          <line num="19" count="2" type="cond" truecount="1" falsecount="1"/>
          <line num="21" count="2" type="cond" truecount="1" falsecount="1"/>
          <line num="32" count="4" type="stmt"/>
        </file>
        <file name="currentUser.js" path="C:\Users\Admin\apps\demo\RNMobx-boilerplate\app\services\currentUser.js">
          <metrics statements="5" coveredstatements="0" conditionals="2" coveredconditionals="0" methods="3" coveredmethods="0"/>
          <line num="14" count="0" type="stmt"/>
          <line num="15" count="0" type="cond" truecount="0" falsecount="2"/>
          <line num="16" count="0" type="stmt"/>
          <line num="18" count="0" type="stmt"/>
          <line num="27" count="0" type="stmt"/>
        </file>
        <file name="index.js" path="C:\Users\Admin\apps\demo\RNMobx-boilerplate\app\services\index.js">
          <metrics statements="0" coveredstatements="0" conditionals="0" coveredconditionals="0" methods="0" coveredmethods="0"/>
        </file>
        <file name="jwt.js" path="C:\Users\Admin\apps\demo\RNMobx-boilerplate\app\services\jwt.js">
          <metrics statements="7" coveredstatements="0" conditionals="0" coveredconditionals="0" methods="7" coveredmethods="0"/>
          <line num="9" count="0" type="stmt"/>
          <line num="11" count="0" type="stmt"/>
          <line num="14" count="0" type="stmt"/>
          <line num="19" count="0" type="stmt"/>
          <line num="23" count="0" type="stmt"/>
          <line num="25" count="0" type="stmt"/>
          <line num="28" count="0" type="stmt"/>
        </file>
        <file name="navigation.js" path="C:\Users\Admin\apps\demo\RNMobx-boilerplate\app\services\navigation.js">
          <metrics statements="1" coveredstatements="0" conditionals="1" coveredconditionals="0" methods="1" coveredmethods="0"/>
          <line num="14" count="0" type="stmt"/>
        </file>
        <file name="storage.js" path="C:\Users\Admin\apps\demo\RNMobx-boilerplate\app\services\storage.js">
          <metrics statements="20" coveredstatements="8" conditionals="8" coveredconditionals="2" methods="12" coveredmethods="6"/>
          <line num="9" count="6" type="stmt"/>
          <line num="10" count="6" type="stmt"/>
          <line num="11" count="6" type="cond" truecount="1" falsecount="1"/>
          <line num="12" count="0" type="stmt"/>
          <line num="14" count="6" type="stmt"/>
          <line num="21" count="2" type="stmt"/>
          <line num="22" count="2" type="stmt"/>
          <line num="23" count="2" type="cond" truecount="1" falsecount="1"/>
          <line num="24" count="0" type="stmt"/>
          <line num="26" count="2" type="stmt"/>
          <line num="37" count="0" type="stmt"/>
          <line num="38" count="0" type="stmt"/>
          <line num="39" count="0" type="cond" truecount="0" falsecount="2"/>
          <line num="40" count="0" type="stmt"/>
          <line num="42" count="0" type="stmt"/>
          <line num="49" count="0" type="stmt"/>
          <line num="50" count="0" type="stmt"/>
          <line num="51" count="0" type="cond" truecount="0" falsecount="2"/>
          <line num="52" count="0" type="stmt"/>
          <line num="54" count="0" type="stmt"/>
        </file>
      </package>
      <package name="app.stores">
        <metrics statements="58" coveredstatements="13" conditionals="4" coveredconditionals="0" methods="26" coveredmethods="6"/>
        <file name="SuperStore.js" path="C:\Users\Admin\apps\demo\RNMobx-boilerplate\app\stores\SuperStore.js">
          <metrics statements="0" coveredstatements="0" conditionals="0" coveredconditionals="0" methods="0" coveredmethods="0"/>
        </file>
        <file name="authUser.js" path="C:\Users\Admin\apps\demo\RNMobx-boilerplate\app\stores\authUser.js">
          <metrics statements="24" coveredstatements="3" conditionals="3" coveredconditionals="0" methods="13" coveredmethods="1"/>
          <line num="13" count="2" type="stmt"/>
          <line num="14" count="2" type="stmt"/>
          <line num="33" count="0" type="stmt"/>
          <line num="34" count="0" type="stmt"/>
          <line num="44" count="0" type="stmt"/>
          <line num="50" count="0" type="stmt"/>
          <line num="52" count="0" type="stmt"/>
          <line num="53" count="0" type="stmt"/>
          <line num="57" count="0" type="stmt"/>
          <line num="58" count="0" type="stmt"/>
          <line num="65" count="0" type="stmt"/>
          <line num="66" count="0" type="stmt"/>
          <line num="68" count="0" type="stmt"/>
          <line num="69" count="0" type="stmt"/>
          <line num="77" count="0" type="stmt"/>
          <line num="79" count="0" type="stmt"/>
          <line num="80" count="0" type="stmt"/>
          <line num="83" count="0" type="stmt"/>
          <line num="84" count="0" type="stmt"/>
          <line num="90" count="0" type="cond" truecount="0" falsecount="2"/>
          <line num="91" count="0" type="stmt"/>
          <line num="92" count="0" type="stmt"/>
          <line num="94" count="0" type="stmt"/>
          <line num="98" count="2" type="stmt"/>
        </file>
        <file name="borrowers.js" path="C:\Users\Admin\apps\demo\RNMobx-boilerplate\app\stores\borrowers.js">
          <metrics statements="13" coveredstatements="4" conditionals="1" coveredconditionals="0" methods="6" coveredmethods="2"/>
          <line num="41" count="0" type="stmt"/>
          <line num="44" count="0" type="stmt"/>
          <line num="51" count="1" type="stmt"/>
          <line num="52" count="1" type="stmt"/>
          <line num="59" count="0" type="stmt"/>
          <line num="62" count="0" type="stmt"/>
          <line num="63" count="0" type="stmt"/>
          <line num="64" count="0" type="stmt"/>
          <line num="65" count="0" type="stmt"/>
          <line num="66" count="0" type="stmt"/>
          <line num="67" count="0" type="stmt"/>
          <line num="71" count="1" type="stmt"/>
          <line num="75" count="1" type="stmt"/>
        </file>
        <file name="captcha.js" path="C:\Users\Admin\apps\demo\RNMobx-boilerplate\app\stores\captcha.js">
          <metrics statements="9" coveredstatements="4" conditionals="0" coveredconditionals="0" methods="4" coveredmethods="2"/>
          <line num="24" count="1" type="stmt"/>
          <line num="25" count="0" type="stmt"/>
          <line num="27" count="0" type="stmt"/>
          <line num="28" count="0" type="stmt"/>
          <line num="29" count="0" type="stmt"/>
          <line num="30" count="0" type="stmt"/>
          <line num="33" count="1" type="stmt"/>
          <line num="34" count="1" type="stmt"/>
          <line num="39" count="2" type="stmt"/>
        </file>
        <file name="currentUser.js" path="C:\Users\Admin\apps\demo\RNMobx-boilerplate\app\stores\currentUser.js">
          <metrics statements="12" coveredstatements="2" conditionals="0" coveredconditionals="0" methods="3" coveredmethods="1"/>
          <line num="47" count="1" type="stmt"/>
          <line num="48" count="0" type="stmt"/>
          <line num="50" count="0" type="stmt"/>
          <line num="51" count="0" type="stmt"/>
          <line num="52" count="0" type="stmt"/>
          <line num="53" count="0" type="stmt"/>
          <line num="54" count="0" type="stmt"/>
          <line num="55" count="0" type="stmt"/>
          <line num="56" count="0" type="stmt"/>
          <line num="57" count="0" type="stmt"/>
          <line num="59" count="0" type="stmt"/>
          <line num="63" count="2" type="stmt"/>
        </file>
      </package>
      <package name="app.utils">
        <metrics statements="12" coveredstatements="2" conditionals="14" coveredconditionals="0" methods="4" coveredmethods="0"/>
        <file name="ToastUtil.js" path="C:\Users\Admin\apps\demo\RNMobx-boilerplate\app\utils\ToastUtil.js">
          <metrics statements="10" coveredstatements="2" conditionals="11" coveredconditionals="0" methods="2" coveredmethods="0"/>
          <line num="20" count="1" type="stmt"/>
          <line num="25" count="0" type="cond" truecount="0" falsecount="2"/>
          <line num="26" count="0" type="stmt"/>
          <line num="28" count="0" type="cond" truecount="0" falsecount="4"/>
          <line num="29" count="0" type="stmt"/>
          <line num="31" count="0" type="stmt"/>
          <line num="35" count="1" type="stmt"/>
          <line num="36" count="0" type="cond" truecount="0" falsecount="4"/>
          <line num="37" count="0" type="stmt"/>
          <line num="39" count="0" type="stmt"/>
        </file>
        <file name="index.js" path="C:\Users\Admin\apps\demo\RNMobx-boilerplate\app\utils\index.js">
          <metrics statements="0" coveredstatements="0" conditionals="0" coveredconditionals="0" methods="0" coveredmethods="0"/>
        </file>
        <file name="params.js" path="C:\Users\Admin\apps\demo\RNMobx-boilerplate\app\utils\params.js">
          <metrics statements="2" coveredstatements="0" conditionals="3" coveredconditionals="0" methods="2" coveredmethods="0"/>
          <line num="6" count="0" type="stmt"/>
          <line num="7" count="0" type="cond" truecount="0" falsecount="2"/>
        </file>
      </package>
      <package name="jest">
        <metrics statements="5" coveredstatements="5" conditionals="0" coveredconditionals="0" methods="0" coveredmethods="0"/>
        <file name="setup.js" path="C:\Users\Admin\apps\demo\RNMobx-boilerplate\jest\setup.js">
          <metrics statements="5" coveredstatements="5" conditionals="0" coveredconditionals="0" methods="0" coveredmethods="0"/>
          <line num="1" count="9" type="stmt"/>
          <line num="2" count="9" type="stmt"/>
          <line num="3" count="9" type="stmt"/>
          <line num="4" count="9" type="stmt"/>
          <line num="5" count="9" type="stmt"/>
        </file>
      </package>
    </metrics>
  </project>
</coverage>
