{"C:\\Users\\Admin\\apps\\demo\\RNMobx-boilerplate\\app\\components\\lib\\Button.js": {"path":"C:\\Users\\Admin\\apps\\demo\\RNMobx-boilerplate\\app\\components\\lib\\Button.js","statementMap":{"0":{"start":{"line":4,"column":15},"end":{"line":24,"column":1}},"1":{"start":{"line":13,"column":2},"end":{"line":23,"column":4}},"2":{"start":{"line":28,"column":15},"end":{"line":37,"column":1}}},"fnMap":{"0":{"name":"(anonymous_0)","decl":{"start":{"line":4,"column":15},"end":{"line":4,"column":16}},"loc":{"start":{"line":12,"column":26},"end":{"line":24,"column":1}},"line":12}},"branchMap":{"0":{"loc":{"start":{"line":8,"column":2},"end":{"line":8,"column":17}},"type":"default-arg","locations":[{"start":{"line":8,"column":13},"end":{"line":8,"column":17}}],"line":8},"1":{"loc":{"start":{"line":9,"column":2},"end":{"line":9,"column":18}},"type":"default-arg","locations":[{"start":{"line":9,"column":14},"end":{"line":9,"column":18}}],"line":9},"2":{"loc":{"start":{"line":11,"column":2},"end":{"line":11,"column":18}},"type":"default-arg","locations":[{"start":{"line":11,"column":13},"end":{"line":11,"column":18}}],"line":11}},"s":{"0":1,"1":0,"2":1},"f":{"0":0},"b":{"0":[0],"1":[0],"2":[0]},"_coverageSchema":"332fd63041d2c1bcb487cc26dd0d5f7d97098a6c","hash":"4b567f072ed43be463e5d9ffb8e3c0fe1819251f"}
,"C:\\Users\\Admin\\apps\\demo\\RNMobx-boilerplate\\app\\components\\login\\index.js": {"path":"C:\\Users\\Admin\\apps\\demo\\RNMobx-boilerplate\\app\\components\\login\\index.js","statementMap":{"0":{"start":{"line":39,"column":4},"end":{"line":39,"column":17}},"1":{"start":{"line":40,"column":4},"end":{"line":45,"column":6}},"2":{"start":{"line":48,"column":4},"end":{"line":48,"column":38}},"3":{"start":{"line":51,"column":4},"end":{"line":51,"column":71}},"4":{"start":{"line":54,"column":4},"end":{"line":54,"column":67}},"5":{"start":{"line":57,"column":4},"end":{"line":59,"column":7}},"6":{"start":{"line":58,"column":6},"end":{"line":58,"column":65}},"7":{"start":{"line":62,"column":4},"end":{"line":64,"column":7}},"8":{"start":{"line":67,"column":4},"end":{"line":67,"column":26}},"9":{"start":{"line":68,"column":4},"end":{"line":88,"column":9}},"10":{"start":{"line":78,"column":8},"end":{"line":83,"column":9}},"11":{"start":{"line":79,"column":10},"end":{"line":79,"column":29}},"12":{"start":{"line":81,"column":10},"end":{"line":81,"column":32}},"13":{"start":{"line":82,"column":10},"end":{"line":82,"column":66}},"14":{"start":{"line":86,"column":8},"end":{"line":86,"column":30}},"15":{"start":{"line":87,"column":8},"end":{"line":87,"column":64}},"16":{"start":{"line":93,"column":4},"end":{"line":138,"column":9}},"17":{"start":{"line":96,"column":8},"end":{"line":96,"column":57}},"18":{"start":{"line":97,"column":8},"end":{"line":97,"column":30}},"19":{"start":{"line":98,"column":8},"end":{"line":98,"column":29}},"20":{"start":{"line":102,"column":8},"end":{"line":105,"column":10}},"21":{"start":{"line":108,"column":8},"end":{"line":108,"column":61}},"22":{"start":{"line":109,"column":8},"end":{"line":109,"column":30}},"23":{"start":{"line":110,"column":8},"end":{"line":110,"column":29}},"24":{"start":{"line":114,"column":8},"end":{"line":119,"column":10}},"25":{"start":{"line":120,"column":8},"end":{"line":123,"column":11}},"26":{"start":{"line":126,"column":8},"end":{"line":126,"column":64}},"27":{"start":{"line":127,"column":8},"end":{"line":127,"column":30}},"28":{"start":{"line":128,"column":8},"end":{"line":128,"column":29}},"29":{"start":{"line":132,"column":8},"end":{"line":132,"column":30}},"30":{"start":{"line":133,"column":8},"end":{"line":133,"column":47}},"31":{"start":{"line":136,"column":8},"end":{"line":136,"column":30}},"32":{"start":{"line":137,"column":8},"end":{"line":137,"column":29}},"33":{"start":{"line":141,"column":4},"end":{"line":141,"column":50}},"34":{"start":{"line":144,"column":4},"end":{"line":148,"column":6}},"35":{"start":{"line":145,"column":16},"end":{"line":145,"column":18}},"36":{"start":{"line":146,"column":6},"end":{"line":146,"column":24}},"37":{"start":{"line":147,"column":6},"end":{"line":147,"column":25}},"38":{"start":{"line":152,"column":34},"end":{"line":152,"column":44}},"39":{"start":{"line":153,"column":24},"end":{"line":153,"column":36}},"40":{"start":{"line":154,"column":4},"end":{"line":247,"column":6}},"41":{"start":{"line":251,"column":15},"end":{"line":333,"column":2}}},"fnMap":{"0":{"name":"(anonymous_0)","decl":{"start":{"line":38,"column":2},"end":{"line":38,"column":3}},"loc":{"start":{"line":38,"column":21},"end":{"line":46,"column":3}},"line":38},"1":{"name":"(anonymous_1)","decl":{"start":{"line":47,"column":2},"end":{"line":47,"column":3}},"loc":{"start":{"line":47,"column":22},"end":{"line":49,"column":3}},"line":47},"2":{"name":"(anonymous_2)","decl":{"start":{"line":50,"column":2},"end":{"line":50,"column":3}},"loc":{"start":{"line":50,"column":23},"end":{"line":52,"column":3}},"line":50},"3":{"name":"(anonymous_3)","decl":{"start":{"line":53,"column":2},"end":{"line":53,"column":3}},"loc":{"start":{"line":53,"column":21},"end":{"line":55,"column":3}},"line":53},"4":{"name":"(anonymous_4)","decl":{"start":{"line":56,"column":19},"end":{"line":56,"column":20}},"loc":{"start":{"line":56,"column":25},"end":{"line":60,"column":3}},"line":56},"5":{"name":"(anonymous_5)","decl":{"start":{"line":57,"column":44},"end":{"line":57,"column":45}},"loc":{"start":{"line":57,"column":53},"end":{"line":59,"column":5}},"line":57},"6":{"name":"(anonymous_6)","decl":{"start":{"line":61,"column":19},"end":{"line":61,"column":20}},"loc":{"start":{"line":61,"column":35},"end":{"line":65,"column":3}},"line":61},"7":{"name":"(anonymous_7)","decl":{"start":{"line":66,"column":10},"end":{"line":66,"column":11}},"loc":{"start":{"line":66,"column":16},"end":{"line":89,"column":3}},"line":66},"8":{"name":"(anonymous_8)","decl":{"start":{"line":75,"column":12},"end":{"line":75,"column":13}},"loc":{"start":{"line":75,"column":18},"end":{"line":84,"column":7}},"line":75},"9":{"name":"(anonymous_9)","decl":{"start":{"line":85,"column":13},"end":{"line":85,"column":14}},"loc":{"start":{"line":85,"column":22},"end":{"line":88,"column":7}},"line":85},"10":{"name":"(anonymous_10)","decl":{"start":{"line":91,"column":16},"end":{"line":91,"column":17}},"loc":{"start":{"line":91,"column":22},"end":{"line":139,"column":3}},"line":91},"11":{"name":"(anonymous_11)","decl":{"start":{"line":95,"column":13},"end":{"line":95,"column":14}},"loc":{"start":{"line":95,"column":22},"end":{"line":99,"column":7}},"line":95},"12":{"name":"(anonymous_12)","decl":{"start":{"line":100,"column":12},"end":{"line":100,"column":13}},"loc":{"start":{"line":100,"column":18},"end":{"line":106,"column":7}},"line":100},"13":{"name":"(anonymous_13)","decl":{"start":{"line":107,"column":13},"end":{"line":107,"column":14}},"loc":{"start":{"line":107,"column":22},"end":{"line":111,"column":7}},"line":107},"14":{"name":"(anonymous_14)","decl":{"start":{"line":112,"column":12},"end":{"line":112,"column":13}},"loc":{"start":{"line":112,"column":18},"end":{"line":124,"column":7}},"line":112},"15":{"name":"(anonymous_15)","decl":{"start":{"line":125,"column":13},"end":{"line":125,"column":14}},"loc":{"start":{"line":125,"column":22},"end":{"line":129,"column":7}},"line":125},"16":{"name":"(anonymous_16)","decl":{"start":{"line":130,"column":12},"end":{"line":130,"column":13}},"loc":{"start":{"line":130,"column":18},"end":{"line":134,"column":7}},"line":130},"17":{"name":"(anonymous_17)","decl":{"start":{"line":135,"column":13},"end":{"line":135,"column":14}},"loc":{"start":{"line":135,"column":22},"end":{"line":138,"column":7}},"line":135},"18":{"name":"(anonymous_18)","decl":{"start":{"line":140,"column":18},"end":{"line":140,"column":19}},"loc":{"start":{"line":140,"column":40},"end":{"line":142,"column":3}},"line":140},"19":{"name":"(anonymous_19)","decl":{"start":{"line":143,"column":15},"end":{"line":143,"column":16}},"loc":{"start":{"line":143,"column":60},"end":{"line":149,"column":3}},"line":143},"20":{"name":"(anonymous_20)","decl":{"start":{"line":144,"column":11},"end":{"line":144,"column":12}},"loc":{"start":{"line":144,"column":29},"end":{"line":148,"column":5}},"line":144},"21":{"name":"(anonymous_21)","decl":{"start":{"line":150,"column":2},"end":{"line":150,"column":3}},"loc":{"start":{"line":150,"column":11},"end":{"line":248,"column":3}},"line":150}},"branchMap":{"0":{"loc":{"start":{"line":78,"column":8},"end":{"line":83,"column":9}},"type":"if","locations":[{"start":{"line":78,"column":8},"end":{"line":83,"column":9}},{"start":{"line":78,"column":8},"end":{"line":83,"column":9}}],"line":78},"1":{"loc":{"start":{"line":152,"column":12},"end":{"line":152,"column":29}},"type":"default-arg","locations":[{"start":{"line":152,"column":27},"end":{"line":152,"column":29}}],"line":152},"2":{"loc":{"start":{"line":205,"column":17},"end":{"line":206,"column":76}},"type":"binary-expr","locations":[{"start":{"line":205,"column":17},"end":{"line":205,"column":24}},{"start":{"line":206,"column":18},"end":{"line":206,"column":76}}],"line":205},"3":{"loc":{"start":{"line":207,"column":17},"end":{"line":210,"column":25}},"type":"binary-expr","locations":[{"start":{"line":207,"column":17},"end":{"line":207,"column":25}},{"start":{"line":208,"column":18},"end":{"line":210,"column":25}}],"line":207},"4":{"loc":{"start":{"line":218,"column":14},"end":{"line":218,"column":74}},"type":"cond-expr","locations":[{"start":{"line":218,"column":36},"end":{"line":218,"column":67}},{"start":{"line":218,"column":70},"end":{"line":218,"column":74}}],"line":218}},"s":{"0":0,"1":0,"2":0,"3":0,"4":0,"5":0,"6":0,"7":0,"8":0,"9":0,"10":0,"11":0,"12":0,"13":0,"14":0,"15":0,"16":0,"17":0,"18":0,"19":0,"20":0,"21":0,"22":0,"23":0,"24":0,"25":0,"26":0,"27":0,"28":0,"29":0,"30":0,"31":0,"32":0,"33":0,"34":0,"35":0,"36":0,"37":0,"38":0,"39":0,"40":0,"41":1},"f":{"0":0,"1":0,"2":0,"3":0,"4":0,"5":0,"6":0,"7":0,"8":0,"9":0,"10":0,"11":0,"12":0,"13":0,"14":0,"15":0,"16":0,"17":0,"18":0,"19":0,"20":0,"21":0},"b":{"0":[0,0],"1":[0],"2":[0,0],"3":[0,0],"4":[0,0]},"_coverageSchema":"332fd63041d2c1bcb487cc26dd0d5f7d97098a6c","hash":"2e9fa853242ccb9e6d4dcc6a9fa95551e4cd1868"}
,"C:\\Users\\Admin\\apps\\demo\\RNMobx-boilerplate\\app\\constants\\api.js": {"path":"C:\\Users\\Admin\\apps\\demo\\RNMobx-boilerplate\\app\\constants\\api.js","statementMap":{"0":{"start":{"line":5,"column":27},"end":{"line":5,"column":36}},"1":{"start":{"line":6,"column":25},"end":{"line":6,"column":32}},"2":{"start":{"line":7,"column":29},"end":{"line":7,"column":40}},"3":{"start":{"line":8,"column":32},"end":{"line":8,"column":46}},"4":{"start":{"line":9,"column":33},"end":{"line":9,"column":48}},"5":{"start":{"line":10,"column":37},"end":{"line":10,"column":61}},"6":{"start":{"line":11,"column":28},"end":{"line":11,"column":38}},"7":{"start":{"line":12,"column":27},"end":{"line":12,"column":41}},"8":{"start":{"line":13,"column":30},"end":{"line":13,"column":42}}},"fnMap":{},"branchMap":{},"s":{"0":5,"1":5,"2":5,"3":5,"4":5,"5":5,"6":5,"7":5,"8":5},"f":{},"b":{},"_coverageSchema":"332fd63041d2c1bcb487cc26dd0d5f7d97098a6c","hash":"62017cc2a39997b18b9ce1e3fcf226830ecec341"}
,"C:\\Users\\Admin\\apps\\demo\\RNMobx-boilerplate\\app\\constants\\config.js": {"path":"C:\\Users\\Admin\\apps\\demo\\RNMobx-boilerplate\\app\\constants\\config.js","statementMap":{"0":{"start":{"line":6,"column":27},"end":{"line":6,"column":52}},"1":{"start":{"line":7,"column":27},"end":{"line":7,"column":52}},"2":{"start":{"line":9,"column":32},"end":{"line":9,"column":57}},"3":{"start":{"line":10,"column":32},"end":{"line":10,"column":57}},"4":{"start":{"line":13,"column":2},"end":{"line":13,"column":68}},"5":{"start":{"line":15,"column":26},"end":{"line":17,"column":1}},"6":{"start":{"line":19,"column":23},"end":{"line":19,"column":37}},"7":{"start":{"line":21,"column":32},"end":{"line":21,"column":55}}},"fnMap":{},"branchMap":{"0":{"loc":{"start":{"line":13,"column":2},"end":{"line":13,"column":68}},"type":"cond-expr","locations":[{"start":{"line":13,"column":43},"end":{"line":13,"column":54}},{"start":{"line":13,"column":57},"end":{"line":13,"column":68}}],"line":13}},"s":{"0":7,"1":7,"2":7,"3":7,"4":7,"5":7,"6":7,"7":7},"f":{},"b":{"0":[0,7]},"_coverageSchema":"332fd63041d2c1bcb487cc26dd0d5f7d97098a6c","hash":"029864f5d769899f88caf392877b8f71a3c014c8"}
,"C:\\Users\\Admin\\apps\\demo\\RNMobx-boilerplate\\app\\constants\\messages.js": {"path":"C:\\Users\\Admin\\apps\\demo\\RNMobx-boilerplate\\app\\constants\\messages.js","statementMap":{"0":{"start":{"line":5,"column":27},"end":{"line":5,"column":31}},"1":{"start":{"line":6,"column":44},"end":{"line":6,"column":54}}},"fnMap":{},"branchMap":{},"s":{"0":1,"1":1},"f":{},"b":{},"_coverageSchema":"332fd63041d2c1bcb487cc26dd0d5f7d97098a6c","hash":"9c23193df02045f273004ccad3ac6d67bdacca2d"}
,"C:\\Users\\Admin\\apps\\demo\\RNMobx-boilerplate\\app\\constants\\routes.js": {"path":"C:\\Users\\Admin\\apps\\demo\\RNMobx-boilerplate\\app\\constants\\routes.js","statementMap":{"0":{"start":{"line":5,"column":26},"end":{"line":5,"column":32}},"1":{"start":{"line":6,"column":27},"end":{"line":6,"column":34}},"2":{"start":{"line":7,"column":28},"end":{"line":7,"column":36}},"3":{"start":{"line":9,"column":30},"end":{"line":9,"column":40}}},"fnMap":{},"branchMap":{},"s":{"0":6,"1":6,"2":6,"3":6},"f":{},"b":{},"_coverageSchema":"332fd63041d2c1bcb487cc26dd0d5f7d97098a6c","hash":"6a16196512a6a2a13e26fe79be87b63a8ecaef38"}
,"C:\\Users\\Admin\\apps\\demo\\RNMobx-boilerplate\\app\\services\\_fetch.js": {"path":"C:\\Users\\Admin\\apps\\demo\\RNMobx-boilerplate\\app\\services\\_fetch.js","statementMap":{"0":{"start":{"line":21,"column":2},"end":{"line":28,"column":3}},"1":{"start":{"line":22,"column":19},"end":{"line":22,"column":42}},"2":{"start":{"line":23,"column":4},"end":{"line":23,"column":45}},"3":{"start":{"line":24,"column":4},"end":{"line":27,"column":7}},"4":{"start":{"line":30,"column":2},"end":{"line":36,"column":5}},"5":{"start":{"line":31,"column":4},"end":{"line":31,"column":45}},"6":{"start":{"line":32,"column":4},"end":{"line":35,"column":7}},"7":{"start":{"line":40,"column":2},"end":{"line":48,"column":3}},"8":{"start":{"line":41,"column":4},"end":{"line":47,"column":6}},"9":{"start":{"line":64,"column":2},"end":{"line":64,"column":59}},"10":{"start":{"line":82,"column":2},"end":{"line":87,"column":4}},"11":{"start":{"line":105,"column":17},"end":{"line":105,"column":31}},"12":{"start":{"line":106,"column":2},"end":{"line":108,"column":5}},"13":{"start":{"line":107,"column":4},"end":{"line":107,"column":36}},"14":{"start":{"line":109,"column":2},"end":{"line":118,"column":4}},"15":{"start":{"line":122,"column":13},"end":{"line":122,"column":15}},"16":{"start":{"line":123,"column":2},"end":{"line":125,"column":3}},"17":{"start":{"line":124,"column":4},"end":{"line":124,"column":24}},"18":{"start":{"line":126,"column":2},"end":{"line":130,"column":3}},"19":{"start":{"line":127,"column":4},"end":{"line":129,"column":14}},"20":{"start":{"line":132,"column":2},"end":{"line":132,"column":36}},"21":{"start":{"line":139,"column":2},"end":{"line":142,"column":5}},"22":{"start":{"line":141,"column":4},"end":{"line":141,"column":35}}},"fnMap":{"0":{"name":"_fetch","decl":{"start":{"line":14,"column":24},"end":{"line":14,"column":30}},"loc":{"start":{"line":19,"column":21},"end":{"line":37,"column":1}},"line":19},"1":{"name":"(anonymous_1)","decl":{"start":{"line":30,"column":29},"end":{"line":30,"column":30}},"loc":{"start":{"line":30,"column":51},"end":{"line":36,"column":3}},"line":30},"2":{"name":"consoleLogFetch","decl":{"start":{"line":39,"column":9},"end":{"line":39,"column":24}},"loc":{"start":{"line":39,"column":50},"end":{"line":49,"column":1}},"line":39},"3":{"name":"get","decl":{"start":{"line":58,"column":16},"end":{"line":58,"column":19}},"loc":{"start":{"line":63,"column":21},"end":{"line":65,"column":1}},"line":63},"4":{"name":"post","decl":{"start":{"line":75,"column":16},"end":{"line":75,"column":20}},"loc":{"start":{"line":81,"column":21},"end":{"line":88,"column":1}},"line":81},"5":{"name":"postForm","decl":{"start":{"line":98,"column":16},"end":{"line":98,"column":24}},"loc":{"start":{"line":104,"column":21},"end":{"line":119,"column":1}},"line":104},"6":{"name":"(anonymous_6)","decl":{"start":{"line":106,"column":28},"end":{"line":106,"column":29}},"loc":{"start":{"line":106,"column":40},"end":{"line":108,"column":3}},"line":106},"7":{"name":"getHeaderSync","decl":{"start":{"line":121,"column":9},"end":{"line":121,"column":22}},"loc":{"start":{"line":121,"column":59},"end":{"line":133,"column":1}},"line":121},"8":{"name":"getHeader","decl":{"start":{"line":138,"column":9},"end":{"line":138,"column":18}},"loc":{"start":{"line":138,"column":54},"end":{"line":143,"column":1}},"line":138},"9":{"name":"(anonymous_9)","decl":{"start":{"line":139,"column":38},"end":{"line":139,"column":39}},"loc":{"start":{"line":139,"column":55},"end":{"line":142,"column":3}},"line":139}},"branchMap":{"0":{"loc":{"start":{"line":16,"column":2},"end":{"line":16,"column":25}},"type":"default-arg","locations":[{"start":{"line":16,"column":23},"end":{"line":16,"column":25}}],"line":16},"1":{"loc":{"start":{"line":17,"column":2},"end":{"line":17,"column":21}},"type":"default-arg","locations":[{"start":{"line":17,"column":17},"end":{"line":17,"column":21}}],"line":17},"2":{"loc":{"start":{"line":18,"column":2},"end":{"line":18,"column":21}},"type":"default-arg","locations":[{"start":{"line":18,"column":17},"end":{"line":18,"column":21}}],"line":18},"3":{"loc":{"start":{"line":21,"column":2},"end":{"line":28,"column":3}},"type":"if","locations":[{"start":{"line":21,"column":2},"end":{"line":28,"column":3}},{"start":{"line":21,"column":2},"end":{"line":28,"column":3}}],"line":21},"4":{"loc":{"start":{"line":26,"column":15},"end":{"line":26,"column":73}},"type":"cond-expr","locations":[{"start":{"line":26,"column":30},"end":{"line":26,"column":62}},{"start":{"line":26,"column":65},"end":{"line":26,"column":73}}],"line":26},"5":{"loc":{"start":{"line":34,"column":15},"end":{"line":34,"column":73}},"type":"cond-expr","locations":[{"start":{"line":34,"column":30},"end":{"line":34,"column":62}},{"start":{"line":34,"column":65},"end":{"line":34,"column":73}}],"line":34},"6":{"loc":{"start":{"line":40,"column":2},"end":{"line":48,"column":3}},"type":"if","locations":[{"start":{"line":40,"column":2},"end":{"line":48,"column":3}},{"start":{"line":40,"column":2},"end":{"line":48,"column":3}}],"line":40},"7":{"loc":{"start":{"line":60,"column":2},"end":{"line":60,"column":25}},"type":"default-arg","locations":[{"start":{"line":60,"column":23},"end":{"line":60,"column":25}}],"line":60},"8":{"loc":{"start":{"line":61,"column":2},"end":{"line":61,"column":21}},"type":"default-arg","locations":[{"start":{"line":61,"column":17},"end":{"line":61,"column":21}}],"line":61},"9":{"loc":{"start":{"line":62,"column":2},"end":{"line":62,"column":21}},"type":"default-arg","locations":[{"start":{"line":62,"column":17},"end":{"line":62,"column":21}}],"line":62},"10":{"loc":{"start":{"line":77,"column":2},"end":{"line":77,"column":19}},"type":"default-arg","locations":[{"start":{"line":77,"column":17},"end":{"line":77,"column":19}}],"line":77},"11":{"loc":{"start":{"line":78,"column":2},"end":{"line":78,"column":25}},"type":"default-arg","locations":[{"start":{"line":78,"column":23},"end":{"line":78,"column":25}}],"line":78},"12":{"loc":{"start":{"line":123,"column":2},"end":{"line":125,"column":3}},"type":"if","locations":[{"start":{"line":123,"column":2},"end":{"line":125,"column":3}},{"start":{"line":123,"column":2},"end":{"line":125,"column":3}}],"line":123},"13":{"loc":{"start":{"line":126,"column":2},"end":{"line":130,"column":3}},"type":"if","locations":[{"start":{"line":126,"column":2},"end":{"line":130,"column":3}},{"start":{"line":126,"column":2},"end":{"line":130,"column":3}}],"line":126},"14":{"loc":{"start":{"line":127,"column":38},"end":{"line":129,"column":11}},"type":"cond-expr","locations":[{"start":{"line":128,"column":8},"end":{"line":128,"column":47}},{"start":{"line":129,"column":8},"end":{"line":129,"column":11}}],"line":127},"15":{"loc":{"start":{"line":138,"column":19},"end":{"line":138,"column":38}},"type":"default-arg","locations":[{"start":{"line":138,"column":34},"end":{"line":138,"column":38}}],"line":138}},"s":{"0":4,"1":0,"2":0,"3":0,"4":4,"5":4,"6":4,"7":4,"8":0,"9":2,"10":1,"11":0,"12":0,"13":0,"14":0,"15":4,"16":4,"17":0,"18":4,"19":0,"20":4,"21":4,"22":4},"f":{"0":4,"1":4,"2":4,"3":2,"4":1,"5":0,"6":0,"7":4,"8":4,"9":4},"b":{"0":[1],"1":[2],"2":[2],"3":[0,4],"4":[0,0],"5":[0,4],"6":[0,4],"7":[0],"8":[1],"9":[1],"10":[1],"11":[1],"12":[0,4],"13":[0,4],"14":[0,0],"15":[0]},"_coverageSchema":"332fd63041d2c1bcb487cc26dd0d5f7d97098a6c","hash":"28d1136df87eb94a4808b88c625b3926884b0c9b"}
,"C:\\Users\\Admin\\apps\\demo\\RNMobx-boilerplate\\app\\services\\api.js": {"path":"C:\\Users\\Admin\\apps\\demo\\RNMobx-boilerplate\\app\\services\\api.js","statementMap":{"0":{"start":{"line":18,"column":2},"end":{"line":20,"column":3}},"1":{"start":{"line":19,"column":4},"end":{"line":19,"column":78}},"2":{"start":{"line":21,"column":2},"end":{"line":23,"column":23}},"3":{"start":{"line":32,"column":2},"end":{"line":32,"column":38}}},"fnMap":{"0":{"name":"rootUrl","decl":{"start":{"line":17,"column":9},"end":{"line":17,"column":16}},"loc":{"start":{"line":17,"column":35},"end":{"line":24,"column":1}},"line":17},"1":{"name":"apiUrl","decl":{"start":{"line":31,"column":16},"end":{"line":31,"column":22}},"loc":{"start":{"line":31,"column":61},"end":{"line":33,"column":1}},"line":31}},"branchMap":{"0":{"loc":{"start":{"line":18,"column":2},"end":{"line":20,"column":3}},"type":"if","locations":[{"start":{"line":18,"column":2},"end":{"line":20,"column":3}},{"start":{"line":18,"column":2},"end":{"line":20,"column":3}}],"line":18},"1":{"loc":{"start":{"line":19,"column":11},"end":{"line":19,"column":77}},"type":"cond-expr","locations":[{"start":{"line":19,"column":52},"end":{"line":19,"column":63}},{"start":{"line":19,"column":66},"end":{"line":19,"column":77}}],"line":19},"2":{"loc":{"start":{"line":21,"column":9},"end":{"line":23,"column":22}},"type":"cond-expr","locations":[{"start":{"line":22,"column":6},"end":{"line":22,"column":22}},{"start":{"line":23,"column":6},"end":{"line":23,"column":22}}],"line":21},"3":{"loc":{"start":{"line":31,"column":36},"end":{"line":31,"column":59}},"type":"default-arg","locations":[{"start":{"line":31,"column":55},"end":{"line":31,"column":59}}],"line":31}},"s":{"0":4,"1":2,"2":2,"3":4},"f":{"0":4,"1":4},"b":{"0":[2,2],"1":[0,2],"2":[0,2],"3":[2]},"_coverageSchema":"332fd63041d2c1bcb487cc26dd0d5f7d97098a6c","hash":"2ebee3b8d2c02c697b2ab68cf2ea2a1aad6be12e"}
,"C:\\Users\\Admin\\apps\\demo\\RNMobx-boilerplate\\app\\services\\currentUser.js": {"path":"C:\\Users\\Admin\\apps\\demo\\RNMobx-boilerplate\\app\\services\\currentUser.js","statementMap":{"0":{"start":{"line":14,"column":2},"end":{"line":19,"column":5}},"1":{"start":{"line":15,"column":4},"end":{"line":17,"column":5}},"2":{"start":{"line":16,"column":6},"end":{"line":16,"column":33}},"3":{"start":{"line":18,"column":4},"end":{"line":18,"column":16}},"4":{"start":{"line":27,"column":2},"end":{"line":27,"column":53}}},"fnMap":{"0":{"name":"getCurrentUser","decl":{"start":{"line":13,"column":16},"end":{"line":13,"column":30}},"loc":{"start":{"line":13,"column":41},"end":{"line":20,"column":1}},"line":13},"1":{"name":"(anonymous_1)","decl":{"start":{"line":14,"column":36},"end":{"line":14,"column":37}},"loc":{"start":{"line":14,"column":57},"end":{"line":19,"column":3}},"line":14},"2":{"name":"setCurrentUser","decl":{"start":{"line":26,"column":16},"end":{"line":26,"column":30}},"loc":{"start":{"line":26,"column":59},"end":{"line":28,"column":1}},"line":26}},"branchMap":{"0":{"loc":{"start":{"line":15,"column":4},"end":{"line":17,"column":5}},"type":"if","locations":[{"start":{"line":15,"column":4},"end":{"line":17,"column":5}},{"start":{"line":15,"column":4},"end":{"line":17,"column":5}}],"line":15}},"s":{"0":0,"1":0,"2":0,"3":0,"4":0},"f":{"0":0,"1":0,"2":0},"b":{"0":[0,0]},"_coverageSchema":"332fd63041d2c1bcb487cc26dd0d5f7d97098a6c","hash":"8dfe3c7749e44a497169e2b38323c292317b0122"}
,"C:\\Users\\Admin\\apps\\demo\\RNMobx-boilerplate\\app\\services\\index.js": {"path":"C:\\Users\\Admin\\apps\\demo\\RNMobx-boilerplate\\app\\services\\index.js","statementMap":{},"fnMap":{},"branchMap":{},"s":{},"f":{},"b":{},"_coverageSchema":"332fd63041d2c1bcb487cc26dd0d5f7d97098a6c","hash":"1e59f2e8027b27a786e7460a4183d725301ab49c"}
,"C:\\Users\\Admin\\apps\\demo\\RNMobx-boilerplate\\app\\services\\jwt.js": {"path":"C:\\Users\\Admin\\apps\\demo\\RNMobx-boilerplate\\app\\services\\jwt.js","statementMap":{"0":{"start":{"line":9,"column":2},"end":{"line":15,"column":7}},"1":{"start":{"line":11,"column":6},"end":{"line":11,"column":26}},"2":{"start":{"line":14,"column":6},"end":{"line":14,"column":22}},"3":{"start":{"line":19,"column":2},"end":{"line":19,"column":36}},"4":{"start":{"line":23,"column":2},"end":{"line":29,"column":7}},"5":{"start":{"line":25,"column":6},"end":{"line":25,"column":21}},"6":{"start":{"line":28,"column":6},"end":{"line":28,"column":22}}},"fnMap":{"0":{"name":"getJwt","decl":{"start":{"line":8,"column":16},"end":{"line":8,"column":22}},"loc":{"start":{"line":8,"column":75},"end":{"line":16,"column":1}},"line":8},"1":{"name":"(anonymous_1)","decl":{"start":{"line":10,"column":10},"end":{"line":10,"column":11}},"loc":{"start":{"line":10,"column":27},"end":{"line":12,"column":5}},"line":10},"2":{"name":"(anonymous_2)","decl":{"start":{"line":13,"column":11},"end":{"line":13,"column":12}},"loc":{"start":{"line":13,"column":20},"end":{"line":15,"column":5}},"line":13},"3":{"name":"saveJwt","decl":{"start":{"line":18,"column":16},"end":{"line":18,"column":23}},"loc":{"start":{"line":18,"column":51},"end":{"line":20,"column":1}},"line":18},"4":{"name":"clearJwt","decl":{"start":{"line":22,"column":16},"end":{"line":22,"column":24}},"loc":{"start":{"line":22,"column":63},"end":{"line":30,"column":1}},"line":22},"5":{"name":"(anonymous_5)","decl":{"start":{"line":24,"column":10},"end":{"line":24,"column":11}},"loc":{"start":{"line":24,"column":16},"end":{"line":26,"column":5}},"line":24},"6":{"name":"(anonymous_6)","decl":{"start":{"line":27,"column":11},"end":{"line":27,"column":12}},"loc":{"start":{"line":27,"column":20},"end":{"line":29,"column":5}},"line":27}},"branchMap":{},"s":{"0":0,"1":0,"2":0,"3":0,"4":0,"5":0,"6":0},"f":{"0":0,"1":0,"2":0,"3":0,"4":0,"5":0,"6":0},"b":{},"_coverageSchema":"332fd63041d2c1bcb487cc26dd0d5f7d97098a6c","hash":"9e7475bf7197a303cefcad088f998b5fb9f179f1"}
,"C:\\Users\\Admin\\apps\\demo\\RNMobx-boilerplate\\app\\services\\navigation.js": {"path":"C:\\Users\\Admin\\apps\\demo\\RNMobx-boilerplate\\app\\services\\navigation.js","statementMap":{"0":{"start":{"line":14,"column":2},"end":{"line":19,"column":4}}},"fnMap":{"0":{"name":"navigationReset","decl":{"start":{"line":10,"column":16},"end":{"line":10,"column":31}},"loc":{"start":{"line":13,"column":8},"end":{"line":20,"column":1}},"line":13}},"branchMap":{"0":{"loc":{"start":{"line":12,"column":2},"end":{"line":12,"column":32}},"type":"default-arg","locations":[{"start":{"line":12,"column":22},"end":{"line":12,"column":32}}],"line":12}},"s":{"0":0},"f":{"0":0},"b":{"0":[0]},"_coverageSchema":"332fd63041d2c1bcb487cc26dd0d5f7d97098a6c","hash":"54f8f960a32789ec01246072292f9a39f5c1885b"}
,"C:\\Users\\Admin\\apps\\demo\\RNMobx-boilerplate\\app\\services\\storage.js": {"path":"C:\\Users\\Admin\\apps\\demo\\RNMobx-boilerplate\\app\\services\\storage.js","statementMap":{"0":{"start":{"line":9,"column":2},"end":{"line":17,"column":5}},"1":{"start":{"line":10,"column":4},"end":{"line":16,"column":7}},"2":{"start":{"line":11,"column":6},"end":{"line":15,"column":7}},"3":{"start":{"line":12,"column":8},"end":{"line":12,"column":22}},"4":{"start":{"line":14,"column":8},"end":{"line":14,"column":22}},"5":{"start":{"line":21,"column":2},"end":{"line":29,"column":5}},"6":{"start":{"line":22,"column":4},"end":{"line":28,"column":7}},"7":{"start":{"line":23,"column":6},"end":{"line":27,"column":7}},"8":{"start":{"line":24,"column":8},"end":{"line":24,"column":22}},"9":{"start":{"line":26,"column":8},"end":{"line":26,"column":18}},"10":{"start":{"line":37,"column":2},"end":{"line":45,"column":5}},"11":{"start":{"line":38,"column":4},"end":{"line":44,"column":7}},"12":{"start":{"line":39,"column":6},"end":{"line":43,"column":7}},"13":{"start":{"line":40,"column":8},"end":{"line":40,"column":22}},"14":{"start":{"line":42,"column":8},"end":{"line":42,"column":18}},"15":{"start":{"line":49,"column":2},"end":{"line":57,"column":5}},"16":{"start":{"line":50,"column":4},"end":{"line":56,"column":7}},"17":{"start":{"line":51,"column":6},"end":{"line":55,"column":7}},"18":{"start":{"line":52,"column":8},"end":{"line":52,"column":22}},"19":{"start":{"line":54,"column":8},"end":{"line":54,"column":18}}},"fnMap":{"0":{"name":"get","decl":{"start":{"line":8,"column":16},"end":{"line":8,"column":19}},"loc":{"start":{"line":8,"column":52},"end":{"line":18,"column":1}},"line":8},"1":{"name":"(anonymous_1)","decl":{"start":{"line":9,"column":21},"end":{"line":9,"column":22}},"loc":{"start":{"line":9,"column":42},"end":{"line":17,"column":3}},"line":9},"2":{"name":"(anonymous_2)","decl":{"start":{"line":10,"column":35},"end":{"line":10,"column":36}},"loc":{"start":{"line":10,"column":52},"end":{"line":16,"column":5}},"line":10},"3":{"name":"set","decl":{"start":{"line":20,"column":16},"end":{"line":20,"column":19}},"loc":{"start":{"line":20,"column":63},"end":{"line":30,"column":1}},"line":20},"4":{"name":"(anonymous_4)","decl":{"start":{"line":21,"column":21},"end":{"line":21,"column":22}},"loc":{"start":{"line":21,"column":42},"end":{"line":29,"column":3}},"line":21},"5":{"name":"(anonymous_5)","decl":{"start":{"line":22,"column":57},"end":{"line":22,"column":58}},"loc":{"start":{"line":22,"column":66},"end":{"line":28,"column":5}},"line":22},"6":{"name":"removeItem","decl":{"start":{"line":36,"column":16},"end":{"line":36,"column":26}},"loc":{"start":{"line":36,"column":59},"end":{"line":46,"column":1}},"line":36},"7":{"name":"(anonymous_7)","decl":{"start":{"line":37,"column":21},"end":{"line":37,"column":22}},"loc":{"start":{"line":37,"column":42},"end":{"line":45,"column":3}},"line":37},"8":{"name":"(anonymous_8)","decl":{"start":{"line":38,"column":38},"end":{"line":38,"column":39}},"loc":{"start":{"line":38,"column":47},"end":{"line":44,"column":5}},"line":38},"9":{"name":"clear","decl":{"start":{"line":48,"column":16},"end":{"line":48,"column":21}},"loc":{"start":{"line":48,"column":38},"end":{"line":58,"column":1}},"line":48},"10":{"name":"(anonymous_10)","decl":{"start":{"line":49,"column":21},"end":{"line":49,"column":22}},"loc":{"start":{"line":49,"column":42},"end":{"line":57,"column":3}},"line":49},"11":{"name":"(anonymous_11)","decl":{"start":{"line":50,"column":23},"end":{"line":50,"column":24}},"loc":{"start":{"line":50,"column":32},"end":{"line":56,"column":5}},"line":50}},"branchMap":{"0":{"loc":{"start":{"line":11,"column":6},"end":{"line":15,"column":7}},"type":"if","locations":[{"start":{"line":11,"column":6},"end":{"line":15,"column":7}},{"start":{"line":11,"column":6},"end":{"line":15,"column":7}}],"line":11},"1":{"loc":{"start":{"line":23,"column":6},"end":{"line":27,"column":7}},"type":"if","locations":[{"start":{"line":23,"column":6},"end":{"line":27,"column":7}},{"start":{"line":23,"column":6},"end":{"line":27,"column":7}}],"line":23},"2":{"loc":{"start":{"line":39,"column":6},"end":{"line":43,"column":7}},"type":"if","locations":[{"start":{"line":39,"column":6},"end":{"line":43,"column":7}},{"start":{"line":39,"column":6},"end":{"line":43,"column":7}}],"line":39},"3":{"loc":{"start":{"line":51,"column":6},"end":{"line":55,"column":7}},"type":"if","locations":[{"start":{"line":51,"column":6},"end":{"line":55,"column":7}},{"start":{"line":51,"column":6},"end":{"line":55,"column":7}}],"line":51}},"s":{"0":6,"1":6,"2":6,"3":0,"4":6,"5":2,"6":2,"7":2,"8":0,"9":2,"10":0,"11":0,"12":0,"13":0,"14":0,"15":0,"16":0,"17":0,"18":0,"19":0},"f":{"0":6,"1":6,"2":6,"3":2,"4":2,"5":2,"6":0,"7":0,"8":0,"9":0,"10":0,"11":0},"b":{"0":[0,6],"1":[0,2],"2":[0,0],"3":[0,0]},"_coverageSchema":"332fd63041d2c1bcb487cc26dd0d5f7d97098a6c","hash":"b504def563011c1516b9c1a548f14f340850944a"}
,"C:\\Users\\Admin\\apps\\demo\\RNMobx-boilerplate\\app\\stores\\SuperStore.js": {"path":"C:\\Users\\Admin\\apps\\demo\\RNMobx-boilerplate\\app\\stores\\SuperStore.js","statementMap":{},"fnMap":{},"branchMap":{},"s":{},"f":{},"b":{},"_coverageSchema":"332fd63041d2c1bcb487cc26dd0d5f7d97098a6c","hash":"fd89506da634b207e5daf9d330fbbee0370a3a8e"}
,"C:\\Users\\Admin\\apps\\demo\\RNMobx-boilerplate\\app\\stores\\authUser.js": {"path":"C:\\Users\\Admin\\apps\\demo\\RNMobx-boilerplate\\app\\stores\\authUser.js","statementMap":{"0":{"start":{"line":13,"column":4},"end":{"line":13,"column":20}},"1":{"start":{"line":14,"column":4},"end":{"line":14,"column":27}},"2":{"start":{"line":33,"column":4},"end":{"line":33,"column":19}},"3":{"start":{"line":34,"column":4},"end":{"line":34,"column":16}},"4":{"start":{"line":44,"column":4},"end":{"line":60,"column":9}},"5":{"start":{"line":50,"column":36},"end":{"line":50,"column":51}},"6":{"start":{"line":52,"column":8},"end":{"line":52,"column":28}},"7":{"start":{"line":53,"column":8},"end":{"line":53,"column":31}},"8":{"start":{"line":57,"column":8},"end":{"line":57,"column":34}},"9":{"start":{"line":58,"column":8},"end":{"line":58,"column":24}},"10":{"start":{"line":65,"column":4},"end":{"line":70,"column":9}},"11":{"start":{"line":66,"column":24},"end":{"line":66,"column":39}},"12":{"start":{"line":68,"column":8},"end":{"line":68,"column":43}},"13":{"start":{"line":69,"column":8},"end":{"line":69,"column":57}},"14":{"start":{"line":77,"column":4},"end":{"line":85,"column":9}},"15":{"start":{"line":79,"column":8},"end":{"line":79,"column":24}},"16":{"start":{"line":80,"column":8},"end":{"line":80,"column":31}},"17":{"start":{"line":83,"column":8},"end":{"line":83,"column":24}},"18":{"start":{"line":84,"column":8},"end":{"line":84,"column":32}},"19":{"start":{"line":90,"column":4},"end":{"line":93,"column":5}},"20":{"start":{"line":91,"column":6},"end":{"line":91,"column":40}},"21":{"start":{"line":92,"column":6},"end":{"line":92,"column":29}},"22":{"start":{"line":94,"column":4},"end":{"line":94,"column":27}},"23":{"start":{"line":98,"column":19},"end":{"line":98,"column":34}}},"fnMap":{"0":{"name":"(anonymous_0)","decl":{"start":{"line":12,"column":2},"end":{"line":12,"column":3}},"loc":{"start":{"line":12,"column":16},"end":{"line":15,"column":3}},"line":12},"1":{"name":"(anonymous_1)","decl":{"start":{"line":32,"column":2},"end":{"line":32,"column":3}},"loc":{"start":{"line":32,"column":33},"end":{"line":35,"column":3}},"line":32},"2":{"name":"(anonymous_2)","decl":{"start":{"line":38,"column":2},"end":{"line":38,"column":3}},"loc":{"start":{"line":43,"column":4},"end":{"line":61,"column":3}},"line":43},"3":{"name":"(anonymous_3)","decl":{"start":{"line":50,"column":12},"end":{"line":50,"column":13}},"loc":{"start":{"line":50,"column":36},"end":{"line":50,"column":51}},"line":50},"4":{"name":"(anonymous_4)","decl":{"start":{"line":51,"column":12},"end":{"line":51,"column":13}},"loc":{"start":{"line":51,"column":20},"end":{"line":55,"column":7}},"line":51},"5":{"name":"(anonymous_5)","decl":{"start":{"line":56,"column":13},"end":{"line":56,"column":14}},"loc":{"start":{"line":56,"column":70},"end":{"line":60,"column":7}},"line":56},"6":{"name":"(anonymous_6)","decl":{"start":{"line":64,"column":2},"end":{"line":64,"column":3}},"loc":{"start":{"line":64,"column":44},"end":{"line":71,"column":3}},"line":64},"7":{"name":"(anonymous_7)","decl":{"start":{"line":66,"column":12},"end":{"line":66,"column":13}},"loc":{"start":{"line":66,"column":24},"end":{"line":66,"column":39}},"line":66},"8":{"name":"(anonymous_8)","decl":{"start":{"line":67,"column":12},"end":{"line":67,"column":13}},"loc":{"start":{"line":67,"column":20},"end":{"line":70,"column":7}},"line":67},"9":{"name":"(anonymous_9)","decl":{"start":{"line":74,"column":2},"end":{"line":74,"column":3}},"loc":{"start":{"line":74,"column":25},"end":{"line":86,"column":3}},"line":74},"10":{"name":"(anonymous_10)","decl":{"start":{"line":78,"column":12},"end":{"line":78,"column":13}},"loc":{"start":{"line":78,"column":18},"end":{"line":81,"column":7}},"line":78},"11":{"name":"(anonymous_11)","decl":{"start":{"line":82,"column":13},"end":{"line":82,"column":14}},"loc":{"start":{"line":82,"column":22},"end":{"line":85,"column":7}},"line":82},"12":{"name":"(anonymous_12)","decl":{"start":{"line":89,"column":2},"end":{"line":89,"column":3}},"loc":{"start":{"line":89,"column":34},"end":{"line":95,"column":3}},"line":89}},"branchMap":{"0":{"loc":{"start":{"line":56,"column":14},"end":{"line":56,"column":65}},"type":"default-arg","locations":[{"start":{"line":56,"column":39},"end":{"line":56,"column":65}}],"line":56},"1":{"loc":{"start":{"line":90,"column":4},"end":{"line":93,"column":5}},"type":"if","locations":[{"start":{"line":90,"column":4},"end":{"line":93,"column":5}},{"start":{"line":90,"column":4},"end":{"line":93,"column":5}}],"line":90}},"s":{"0":2,"1":2,"2":0,"3":0,"4":0,"5":0,"6":0,"7":0,"8":0,"9":0,"10":0,"11":0,"12":0,"13":0,"14":0,"15":0,"16":0,"17":0,"18":0,"19":0,"20":0,"21":0,"22":0,"23":2},"f":{"0":2,"1":0,"2":0,"3":0,"4":0,"5":0,"6":0,"7":0,"8":0,"9":0,"10":0,"11":0,"12":0},"b":{"0":[0],"1":[0,0]},"_coverageSchema":"332fd63041d2c1bcb487cc26dd0d5f7d97098a6c","hash":"ab1b330e36f0e173d644ebbd70d740cac3649fe1"}
,"C:\\Users\\Admin\\apps\\demo\\RNMobx-boilerplate\\app\\stores\\borrowers.js": {"path":"C:\\Users\\Admin\\apps\\demo\\RNMobx-boilerplate\\app\\stores\\borrowers.js","statementMap":{"0":{"start":{"line":41,"column":60},"end":{"line":41,"column":69}},"1":{"start":{"line":44,"column":4},"end":{"line":44,"column":55}},"2":{"start":{"line":51,"column":4},"end":{"line":51,"column":72}},"3":{"start":{"line":52,"column":4},"end":{"line":72,"column":9}},"4":{"start":{"line":59,"column":8},"end":{"line":59,"column":31}},"5":{"start":{"line":62,"column":8},"end":{"line":62,"column":26}},"6":{"start":{"line":63,"column":8},"end":{"line":63,"column":42}},"7":{"start":{"line":64,"column":8},"end":{"line":64,"column":40}},"8":{"start":{"line":65,"column":8},"end":{"line":65,"column":30}},"9":{"start":{"line":66,"column":8},"end":{"line":66,"column":36}},"10":{"start":{"line":67,"column":8},"end":{"line":67,"column":44}},"11":{"start":{"line":71,"column":8},"end":{"line":71,"column":32}},"12":{"start":{"line":75,"column":18},"end":{"line":75,"column":33}}},"fnMap":{"0":{"name":"(anonymous_0)","decl":{"start":{"line":41,"column":48},"end":{"line":41,"column":49}},"loc":{"start":{"line":41,"column":60},"end":{"line":41,"column":69}},"line":41},"1":{"name":"(anonymous_1)","decl":{"start":{"line":43,"column":2},"end":{"line":43,"column":3}},"loc":{"start":{"line":43,"column":19},"end":{"line":45,"column":3}},"line":43},"2":{"name":"(anonymous_2)","decl":{"start":{"line":47,"column":2},"end":{"line":47,"column":3}},"loc":{"start":{"line":50,"column":18},"end":{"line":73,"column":3}},"line":50},"3":{"name":"(anonymous_3)","decl":{"start":{"line":58,"column":12},"end":{"line":58,"column":13}},"loc":{"start":{"line":58,"column":36},"end":{"line":60,"column":7}},"line":58},"4":{"name":"(anonymous_4)","decl":{"start":{"line":61,"column":12},"end":{"line":61,"column":13}},"loc":{"start":{"line":61,"column":30},"end":{"line":69,"column":7}},"line":61},"5":{"name":"(anonymous_5)","decl":{"start":{"line":70,"column":13},"end":{"line":70,"column":14}},"loc":{"start":{"line":70,"column":22},"end":{"line":72,"column":7}},"line":70}},"branchMap":{"0":{"loc":{"start":{"line":48,"column":4},"end":{"line":48,"column":39}},"type":"default-arg","locations":[{"start":{"line":48,"column":28},"end":{"line":48,"column":39}}],"line":48}},"s":{"0":0,"1":0,"2":1,"3":1,"4":0,"5":0,"6":0,"7":0,"8":0,"9":0,"10":0,"11":1,"12":1},"f":{"0":0,"1":0,"2":1,"3":0,"4":0,"5":1},"b":{"0":[0]},"_coverageSchema":"332fd63041d2c1bcb487cc26dd0d5f7d97098a6c","hash":"578040ede3057ee01e93588a3254773c840c593e"}
,"C:\\Users\\Admin\\apps\\demo\\RNMobx-boilerplate\\app\\stores\\captcha.js": {"path":"C:\\Users\\Admin\\apps\\demo\\RNMobx-boilerplate\\app\\stores\\captcha.js","statementMap":{"0":{"start":{"line":24,"column":4},"end":{"line":35,"column":9}},"1":{"start":{"line":25,"column":36},"end":{"line":25,"column":51}},"2":{"start":{"line":27,"column":8},"end":{"line":27,"column":44}},"3":{"start":{"line":28,"column":8},"end":{"line":28,"column":36}},"4":{"start":{"line":29,"column":8},"end":{"line":29,"column":28}},"5":{"start":{"line":30,"column":8},"end":{"line":30,"column":33}},"6":{"start":{"line":33,"column":8},"end":{"line":33,"column":34}},"7":{"start":{"line":34,"column":8},"end":{"line":34,"column":49}},"8":{"start":{"line":39,"column":16},"end":{"line":39,"column":29}}},"fnMap":{"0":{"name":"(anonymous_0)","decl":{"start":{"line":22,"column":2},"end":{"line":22,"column":3}},"loc":{"start":{"line":22,"column":12},"end":{"line":36,"column":3}},"line":22},"1":{"name":"(anonymous_1)","decl":{"start":{"line":25,"column":12},"end":{"line":25,"column":13}},"loc":{"start":{"line":25,"column":36},"end":{"line":25,"column":51}},"line":25},"2":{"name":"(anonymous_2)","decl":{"start":{"line":26,"column":12},"end":{"line":26,"column":13}},"loc":{"start":{"line":26,"column":37},"end":{"line":31,"column":7}},"line":26},"3":{"name":"(anonymous_3)","decl":{"start":{"line":32,"column":13},"end":{"line":32,"column":14}},"loc":{"start":{"line":32,"column":29},"end":{"line":35,"column":7}},"line":32}},"branchMap":{},"s":{"0":1,"1":0,"2":0,"3":0,"4":0,"5":0,"6":1,"7":1,"8":2},"f":{"0":1,"1":0,"2":0,"3":1},"b":{},"_coverageSchema":"332fd63041d2c1bcb487cc26dd0d5f7d97098a6c","hash":"342b2b44021702deaa04748d765250c8f5a78fcb"}
,"C:\\Users\\Admin\\apps\\demo\\RNMobx-boilerplate\\app\\stores\\currentUser.js": {"path":"C:\\Users\\Admin\\apps\\demo\\RNMobx-boilerplate\\app\\stores\\currentUser.js","statementMap":{"0":{"start":{"line":47,"column":4},"end":{"line":60,"column":9}},"1":{"start":{"line":48,"column":36},"end":{"line":48,"column":51}},"2":{"start":{"line":50,"column":8},"end":{"line":50,"column":66}},"3":{"start":{"line":51,"column":8},"end":{"line":51,"column":32}},"4":{"start":{"line":52,"column":8},"end":{"line":52,"column":34}},"5":{"start":{"line":53,"column":8},"end":{"line":53,"column":42}},"6":{"start":{"line":54,"column":8},"end":{"line":54,"column":34}},"7":{"start":{"line":55,"column":8},"end":{"line":55,"column":38}},"8":{"start":{"line":56,"column":8},"end":{"line":56,"column":26}},"9":{"start":{"line":57,"column":8},"end":{"line":57,"column":34}},"10":{"start":{"line":59,"column":8},"end":{"line":59,"column":38}},"11":{"start":{"line":63,"column":20},"end":{"line":63,"column":37}}},"fnMap":{"0":{"name":"(anonymous_0)","decl":{"start":{"line":46,"column":2},"end":{"line":46,"column":3}},"loc":{"start":{"line":46,"column":50},"end":{"line":61,"column":3}},"line":46},"1":{"name":"(anonymous_1)","decl":{"start":{"line":48,"column":12},"end":{"line":48,"column":13}},"loc":{"start":{"line":48,"column":36},"end":{"line":48,"column":51}},"line":48},"2":{"name":"(anonymous_2)","decl":{"start":{"line":49,"column":12},"end":{"line":49,"column":13}},"loc":{"start":{"line":49,"column":20},"end":{"line":60,"column":7}},"line":49}},"branchMap":{},"s":{"0":1,"1":0,"2":0,"3":0,"4":0,"5":0,"6":0,"7":0,"8":0,"9":0,"10":0,"11":2},"f":{"0":1,"1":0,"2":0},"b":{},"_coverageSchema":"332fd63041d2c1bcb487cc26dd0d5f7d97098a6c","hash":"49f143678388c1d12dbe36a275a09ed1f7f25c6d"}
,"C:\\Users\\Admin\\apps\\demo\\RNMobx-boilerplate\\app\\utils\\ToastUtil.js": {"path":"C:\\Users\\Admin\\apps\\demo\\RNMobx-boilerplate\\app\\utils\\ToastUtil.js","statementMap":{"0":{"start":{"line":20,"column":18},"end":{"line":33,"column":1}},"1":{"start":{"line":25,"column":2},"end":{"line":27,"column":3}},"2":{"start":{"line":26,"column":4},"end":{"line":26,"column":11}},"3":{"start":{"line":28,"column":2},"end":{"line":32,"column":3}},"4":{"start":{"line":29,"column":4},"end":{"line":29,"column":42}},"5":{"start":{"line":31,"column":4},"end":{"line":31,"column":62}},"6":{"start":{"line":35,"column":17},"end":{"line":41,"column":1}},"7":{"start":{"line":36,"column":2},"end":{"line":40,"column":3}},"8":{"start":{"line":37,"column":4},"end":{"line":37,"column":42}},"9":{"start":{"line":39,"column":4},"end":{"line":39,"column":61}}},"fnMap":{"0":{"name":"(anonymous_0)","decl":{"start":{"line":20,"column":18},"end":{"line":20,"column":19}},"loc":{"start":{"line":24,"column":11},"end":{"line":33,"column":1}},"line":24},"1":{"name":"(anonymous_1)","decl":{"start":{"line":35,"column":17},"end":{"line":35,"column":18}},"loc":{"start":{"line":35,"column":78},"end":{"line":41,"column":1}},"line":35}},"branchMap":{"0":{"loc":{"start":{"line":23,"column":2},"end":{"line":23,"column":26}},"type":"default-arg","locations":[{"start":{"line":23,"column":22},"end":{"line":23,"column":26}}],"line":23},"1":{"loc":{"start":{"line":25,"column":2},"end":{"line":27,"column":3}},"type":"if","locations":[{"start":{"line":25,"column":2},"end":{"line":27,"column":3}},{"start":{"line":25,"column":2},"end":{"line":27,"column":3}}],"line":25},"2":{"loc":{"start":{"line":28,"column":2},"end":{"line":32,"column":3}},"type":"if","locations":[{"start":{"line":28,"column":2},"end":{"line":32,"column":3}},{"start":{"line":28,"column":2},"end":{"line":32,"column":3}}],"line":28},"3":{"loc":{"start":{"line":28,"column":6},"end":{"line":28,"column":38}},"type":"binary-expr","locations":[{"start":{"line":28,"column":6},"end":{"line":28,"column":13}},{"start":{"line":28,"column":17},"end":{"line":28,"column":38}}],"line":28},"4":{"loc":{"start":{"line":36,"column":2},"end":{"line":40,"column":3}},"type":"if","locations":[{"start":{"line":36,"column":2},"end":{"line":40,"column":3}},{"start":{"line":36,"column":2},"end":{"line":40,"column":3}}],"line":36},"5":{"loc":{"start":{"line":36,"column":6},"end":{"line":36,"column":38}},"type":"binary-expr","locations":[{"start":{"line":36,"column":6},"end":{"line":36,"column":13}},{"start":{"line":36,"column":17},"end":{"line":36,"column":38}}],"line":36}},"s":{"0":1,"1":0,"2":0,"3":0,"4":0,"5":0,"6":1,"7":0,"8":0,"9":0},"f":{"0":0,"1":0},"b":{"0":[0],"1":[0,0],"2":[0,0],"3":[0,0],"4":[0,0],"5":[0,0]},"_coverageSchema":"332fd63041d2c1bcb487cc26dd0d5f7d97098a6c","hash":"b6104f8083c573d4db43c98a635115edeeb1cc53"}
,"C:\\Users\\Admin\\apps\\demo\\RNMobx-boilerplate\\app\\utils\\index.js": {"path":"C:\\Users\\Admin\\apps\\demo\\RNMobx-boilerplate\\app\\utils\\index.js","statementMap":{},"fnMap":{},"branchMap":{},"s":{},"f":{},"b":{},"_coverageSchema":"332fd63041d2c1bcb487cc26dd0d5f7d97098a6c","hash":"6c1fd5b26d4f55907b5140aa83a9e49a1a942a0f"}
,"C:\\Users\\Admin\\apps\\demo\\RNMobx-boilerplate\\app\\utils\\params.js": {"path":"C:\\Users\\Admin\\apps\\demo\\RNMobx-boilerplate\\app\\utils\\params.js","statementMap":{"0":{"start":{"line":6,"column":2},"end":{"line":8,"column":5}},"1":{"start":{"line":7,"column":4},"end":{"line":7,"column":80}}},"fnMap":{"0":{"name":"queryString","decl":{"start":{"line":5,"column":24},"end":{"line":5,"column":35}},"loc":{"start":{"line":5,"column":69},"end":{"line":9,"column":1}},"line":5},"1":{"name":"(anonymous_1)","decl":{"start":{"line":6,"column":35},"end":{"line":6,"column":36}},"loc":{"start":{"line":6,"column":74},"end":{"line":8,"column":3}},"line":6}},"branchMap":{"0":{"loc":{"start":{"line":5,"column":36},"end":{"line":5,"column":59}},"type":"default-arg","locations":[{"start":{"line":5,"column":57},"end":{"line":5,"column":59}}],"line":5},"1":{"loc":{"start":{"line":7,"column":23},"end":{"line":7,"column":40}},"type":"cond-expr","locations":[{"start":{"line":7,"column":32},"end":{"line":7,"column":35}},{"start":{"line":7,"column":38},"end":{"line":7,"column":40}}],"line":7}},"s":{"0":0,"1":0},"f":{"0":0,"1":0},"b":{"0":[0],"1":[0,0]},"_coverageSchema":"332fd63041d2c1bcb487cc26dd0d5f7d97098a6c","hash":"2b5ab84515895a885f3d893b990e01eef9eb156a"}
,"C:\\Users\\Admin\\apps\\demo\\RNMobx-boilerplate\\jest\\setup.js": {"path":"C:\\Users\\Admin\\apps\\demo\\RNMobx-boilerplate\\jest\\setup.js","statementMap":{"0":{"start":{"line":1,"column":46},"end":{"line":1,"column":69}},"1":{"start":{"line":2,"column":0},"end":{"line":2,"column":27}},"2":{"start":{"line":3,"column":0},"end":{"line":3,"column":25}},"3":{"start":{"line":4,"column":0},"end":{"line":4,"column":25}},"4":{"start":{"line":5,"column":0},"end":{"line":5,"column":21}}},"fnMap":{},"branchMap":{},"s":{"0":9,"1":9,"2":9,"3":9,"4":9},"f":{},"b":{},"_coverageSchema":"332fd63041d2c1bcb487cc26dd0d5f7d97098a6c","hash":"db732105dadb0a175d38005692b5539e3261674e"}
}
