TN:
SF:C:\Users\Admin\apps\demo\RNMobx-boilerplate\app\components\lib\Button.js
FN:4,(anonymous_0)
FNF:1
FNH:0
FNDA:0,(anonymous_0)
DA:4,1
DA:13,0
DA:28,1
LF:3
LH:2
BRDA:8,0,0,0
BRDA:9,1,0,0
BRDA:11,2,0,0
BRF:3
BRH:0
end_of_record
TN:
SF:C:\Users\Admin\apps\demo\RNMobx-boilerplate\app\components\login\index.js
FN:38,(anonymous_0)
FN:47,(anonymous_1)
FN:50,(anonymous_2)
FN:53,(anonymous_3)
FN:56,(anonymous_4)
FN:57,(anonymous_5)
FN:61,(anonymous_6)
FN:66,(anonymous_7)
FN:75,(anonymous_8)
FN:85,(anonymous_9)
FN:91,(anonymous_10)
FN:95,(anonymous_11)
FN:100,(anonymous_12)
FN:107,(anonymous_13)
FN:112,(anonymous_14)
FN:125,(anonymous_15)
FN:130,(anonymous_16)
FN:135,(anonymous_17)
FN:140,(anonymous_18)
FN:143,(anonymous_19)
FN:144,(anonymous_20)
FN:150,(anonymous_21)
FNF:22
FNH:0
FNDA:0,(anonymous_0)
FNDA:0,(anonymous_1)
FNDA:0,(anonymous_2)
FNDA:0,(anonymous_3)
FNDA:0,(anonymous_4)
FNDA:0,(anonymous_5)
FNDA:0,(anonymous_6)
FNDA:0,(anonymous_7)
FNDA:0,(anonymous_8)
FNDA:0,(anonymous_9)
FNDA:0,(anonymous_10)
FNDA:0,(anonymous_11)
FNDA:0,(anonymous_12)
FNDA:0,(anonymous_13)
FNDA:0,(anonymous_14)
FNDA:0,(anonymous_15)
FNDA:0,(anonymous_16)
FNDA:0,(anonymous_17)
FNDA:0,(anonymous_18)
FNDA:0,(anonymous_19)
FNDA:0,(anonymous_20)
FNDA:0,(anonymous_21)
DA:39,0
DA:40,0
DA:48,0
DA:51,0
DA:54,0
DA:57,0
DA:58,0
DA:62,0
DA:67,0
DA:68,0
DA:78,0
DA:79,0
DA:81,0
DA:82,0
DA:86,0
DA:87,0
DA:93,0
DA:96,0
DA:97,0
DA:98,0
DA:102,0
DA:108,0
DA:109,0
DA:110,0
DA:114,0
DA:120,0
DA:126,0
DA:127,0
DA:128,0
DA:132,0
DA:133,0
DA:136,0
DA:137,0
DA:141,0
DA:144,0
DA:145,0
DA:146,0
DA:147,0
DA:152,0
DA:153,0
DA:154,0
DA:251,1
LF:42
LH:1
BRDA:78,0,0,0
BRDA:78,0,1,0
BRDA:152,1,0,0
BRDA:205,2,0,0
BRDA:205,2,1,0
BRDA:207,3,0,0
BRDA:207,3,1,0
BRDA:218,4,0,0
BRDA:218,4,1,0
BRF:9
BRH:0
end_of_record
TN:
SF:C:\Users\Admin\apps\demo\RNMobx-boilerplate\app\constants\api.js
FNF:0
FNH:0
DA:5,5
DA:6,5
DA:7,5
DA:8,5
DA:9,5
DA:10,5
DA:11,5
DA:12,5
DA:13,5
LF:9
LH:9
BRF:0
BRH:0
end_of_record
TN:
SF:C:\Users\Admin\apps\demo\RNMobx-boilerplate\app\constants\config.js
FNF:0
FNH:0
DA:6,7
DA:7,7
DA:9,7
DA:10,7
DA:13,7
DA:15,7
DA:19,7
DA:21,7
LF:8
LH:8
BRDA:13,0,0,0
BRDA:13,0,1,7
BRF:2
BRH:1
end_of_record
TN:
SF:C:\Users\Admin\apps\demo\RNMobx-boilerplate\app\constants\messages.js
FNF:0
FNH:0
DA:5,1
DA:6,1
LF:2
LH:2
BRF:0
BRH:0
end_of_record
TN:
SF:C:\Users\Admin\apps\demo\RNMobx-boilerplate\app\constants\routes.js
FNF:0
FNH:0
DA:5,6
DA:6,6
DA:7,6
DA:9,6
LF:4
LH:4
BRF:0
BRH:0
end_of_record
TN:
SF:C:\Users\Admin\apps\demo\RNMobx-boilerplate\app\services\_fetch.js
FN:14,_fetch
FN:30,(anonymous_1)
FN:39,consoleLogFetch
FN:58,get
FN:75,post
FN:98,postForm
FN:106,(anonymous_6)
FN:121,getHeaderSync
FN:138,getHeader
FN:139,(anonymous_9)
FNF:10
FNH:8
FNDA:4,_fetch
FNDA:4,(anonymous_1)
FNDA:4,consoleLogFetch
FNDA:2,get
FNDA:1,post
FNDA:0,postForm
FNDA:0,(anonymous_6)
FNDA:4,getHeaderSync
FNDA:4,getHeader
FNDA:4,(anonymous_9)
DA:21,4
DA:22,0
DA:23,0
DA:24,0
DA:30,4
DA:31,4
DA:32,4
DA:40,4
DA:41,0
DA:64,2
DA:82,1
DA:105,0
DA:106,0
DA:107,0
DA:109,0
DA:122,4
DA:123,4
DA:124,0
DA:126,4
DA:127,0
DA:132,4
DA:139,4
DA:141,4
LF:23
LH:13
BRDA:16,0,0,1
BRDA:17,1,0,2
BRDA:18,2,0,2
BRDA:21,3,0,0
BRDA:21,3,1,4
BRDA:26,4,0,0
BRDA:26,4,1,0
BRDA:34,5,0,0
BRDA:34,5,1,4
BRDA:40,6,0,0
BRDA:40,6,1,4
BRDA:60,7,0,0
BRDA:61,8,0,1
BRDA:62,9,0,1
BRDA:77,10,0,1
BRDA:78,11,0,1
BRDA:123,12,0,0
BRDA:123,12,1,4
BRDA:126,13,0,0
BRDA:126,13,1,4
BRDA:127,14,0,0
BRDA:127,14,1,0
BRDA:138,15,0,0
BRF:23
BRH:12
end_of_record
TN:
SF:C:\Users\Admin\apps\demo\RNMobx-boilerplate\app\services\api.js
FN:17,rootUrl
FN:31,apiUrl
FNF:2
FNH:2
FNDA:4,rootUrl
FNDA:4,apiUrl
DA:18,4
DA:19,2
DA:21,2
DA:32,4
LF:4
LH:4
BRDA:18,0,0,2
BRDA:18,0,1,2
BRDA:19,1,0,0
BRDA:19,1,1,2
BRDA:21,2,0,0
BRDA:21,2,1,2
BRDA:31,3,0,2
BRF:7
BRH:5
end_of_record
TN:
SF:C:\Users\Admin\apps\demo\RNMobx-boilerplate\app\services\currentUser.js
FN:13,getCurrentUser
FN:14,(anonymous_1)
FN:26,setCurrentUser
FNF:3
FNH:0
FNDA:0,getCurrentUser
FNDA:0,(anonymous_1)
FNDA:0,setCurrentUser
DA:14,0
DA:15,0
DA:16,0
DA:18,0
DA:27,0
LF:5
LH:0
BRDA:15,0,0,0
BRDA:15,0,1,0
BRF:2
BRH:0
end_of_record
TN:
SF:C:\Users\Admin\apps\demo\RNMobx-boilerplate\app\services\index.js
FNF:0
FNH:0
LF:0
LH:0
BRF:0
BRH:0
end_of_record
TN:
SF:C:\Users\Admin\apps\demo\RNMobx-boilerplate\app\services\jwt.js
FN:8,getJwt
FN:10,(anonymous_1)
FN:13,(anonymous_2)
FN:18,saveJwt
FN:22,clearJwt
FN:24,(anonymous_5)
FN:27,(anonymous_6)
FNF:7
FNH:0
FNDA:0,getJwt
FNDA:0,(anonymous_1)
FNDA:0,(anonymous_2)
FNDA:0,saveJwt
FNDA:0,clearJwt
FNDA:0,(anonymous_5)
FNDA:0,(anonymous_6)
DA:9,0
DA:11,0
DA:14,0
DA:19,0
DA:23,0
DA:25,0
DA:28,0
LF:7
LH:0
BRF:0
BRH:0
end_of_record
TN:
SF:C:\Users\Admin\apps\demo\RNMobx-boilerplate\app\services\navigation.js
FN:10,navigationReset
FNF:1
FNH:0
FNDA:0,navigationReset
DA:14,0
LF:1
LH:0
BRDA:12,0,0,0
BRF:1
BRH:0
end_of_record
TN:
SF:C:\Users\Admin\apps\demo\RNMobx-boilerplate\app\services\storage.js
FN:8,get
FN:9,(anonymous_1)
FN:10,(anonymous_2)
FN:20,set
FN:21,(anonymous_4)
FN:22,(anonymous_5)
FN:36,removeItem
FN:37,(anonymous_7)
FN:38,(anonymous_8)
FN:48,clear
FN:49,(anonymous_10)
FN:50,(anonymous_11)
FNF:12
FNH:6
FNDA:6,get
FNDA:6,(anonymous_1)
FNDA:6,(anonymous_2)
FNDA:2,set
FNDA:2,(anonymous_4)
FNDA:2,(anonymous_5)
FNDA:0,removeItem
FNDA:0,(anonymous_7)
FNDA:0,(anonymous_8)
FNDA:0,clear
FNDA:0,(anonymous_10)
FNDA:0,(anonymous_11)
DA:9,6
DA:10,6
DA:11,6
DA:12,0
DA:14,6
DA:21,2
DA:22,2
DA:23,2
DA:24,0
DA:26,2
DA:37,0
DA:38,0
DA:39,0
DA:40,0
DA:42,0
DA:49,0
DA:50,0
DA:51,0
DA:52,0
DA:54,0
LF:20
LH:8
BRDA:11,0,0,0
BRDA:11,0,1,6
BRDA:23,1,0,0
BRDA:23,1,1,2
BRDA:39,2,0,0
BRDA:39,2,1,0
BRDA:51,3,0,0
BRDA:51,3,1,0
BRF:8
BRH:2
end_of_record
TN:
SF:C:\Users\Admin\apps\demo\RNMobx-boilerplate\app\stores\SuperStore.js
FNF:0
FNH:0
LF:0
LH:0
BRF:0
BRH:0
end_of_record
TN:
SF:C:\Users\Admin\apps\demo\RNMobx-boilerplate\app\stores\authUser.js
FN:12,(anonymous_0)
FN:32,(anonymous_1)
FN:38,(anonymous_2)
FN:50,(anonymous_3)
FN:51,(anonymous_4)
FN:56,(anonymous_5)
FN:64,(anonymous_6)
FN:66,(anonymous_7)
FN:67,(anonymous_8)
FN:74,(anonymous_9)
FN:78,(anonymous_10)
FN:82,(anonymous_11)
FN:89,(anonymous_12)
FNF:13
FNH:1
FNDA:2,(anonymous_0)
FNDA:0,(anonymous_1)
FNDA:0,(anonymous_2)
FNDA:0,(anonymous_3)
FNDA:0,(anonymous_4)
FNDA:0,(anonymous_5)
FNDA:0,(anonymous_6)
FNDA:0,(anonymous_7)
FNDA:0,(anonymous_8)
FNDA:0,(anonymous_9)
FNDA:0,(anonymous_10)
FNDA:0,(anonymous_11)
FNDA:0,(anonymous_12)
DA:13,2
DA:14,2
DA:33,0
DA:34,0
DA:44,0
DA:50,0
DA:52,0
DA:53,0
DA:57,0
DA:58,0
DA:65,0
DA:66,0
DA:68,0
DA:69,0
DA:77,0
DA:79,0
DA:80,0
DA:83,0
DA:84,0
DA:90,0
DA:91,0
DA:92,0
DA:94,0
DA:98,2
LF:24
LH:3
BRDA:56,0,0,0
BRDA:90,1,0,0
BRDA:90,1,1,0
BRF:3
BRH:0
end_of_record
TN:
SF:C:\Users\Admin\apps\demo\RNMobx-boilerplate\app\stores\borrowers.js
FN:41,(anonymous_0)
FN:43,(anonymous_1)
FN:47,(anonymous_2)
FN:58,(anonymous_3)
FN:61,(anonymous_4)
FN:70,(anonymous_5)
FNF:6
FNH:2
FNDA:0,(anonymous_0)
FNDA:0,(anonymous_1)
FNDA:1,(anonymous_2)
FNDA:0,(anonymous_3)
FNDA:0,(anonymous_4)
FNDA:1,(anonymous_5)
DA:41,0
DA:44,0
DA:51,1
DA:52,1
DA:59,0
DA:62,0
DA:63,0
DA:64,0
DA:65,0
DA:66,0
DA:67,0
DA:71,1
DA:75,1
LF:13
LH:4
BRDA:48,0,0,0
BRF:1
BRH:0
end_of_record
TN:
SF:C:\Users\Admin\apps\demo\RNMobx-boilerplate\app\stores\captcha.js
FN:22,(anonymous_0)
FN:25,(anonymous_1)
FN:26,(anonymous_2)
FN:32,(anonymous_3)
FNF:4
FNH:2
FNDA:1,(anonymous_0)
FNDA:0,(anonymous_1)
FNDA:0,(anonymous_2)
FNDA:1,(anonymous_3)
DA:24,1
DA:25,0
DA:27,0
DA:28,0
DA:29,0
DA:30,0
DA:33,1
DA:34,1
DA:39,2
LF:9
LH:4
BRF:0
BRH:0
end_of_record
TN:
SF:C:\Users\Admin\apps\demo\RNMobx-boilerplate\app\stores\currentUser.js
FN:46,(anonymous_0)
FN:48,(anonymous_1)
FN:49,(anonymous_2)
FNF:3
FNH:1
FNDA:1,(anonymous_0)
FNDA:0,(anonymous_1)
FNDA:0,(anonymous_2)
DA:47,1
DA:48,0
DA:50,0
DA:51,0
DA:52,0
DA:53,0
DA:54,0
DA:55,0
DA:56,0
DA:57,0
DA:59,0
DA:63,2
LF:12
LH:2
BRF:0
BRH:0
end_of_record
TN:
SF:C:\Users\Admin\apps\demo\RNMobx-boilerplate\app\utils\ToastUtil.js
FN:20,(anonymous_0)
FN:35,(anonymous_1)
FNF:2
FNH:0
FNDA:0,(anonymous_0)
FNDA:0,(anonymous_1)
DA:20,1
DA:25,0
DA:26,0
DA:28,0
DA:29,0
DA:31,0
DA:35,1
DA:36,0
DA:37,0
DA:39,0
LF:10
LH:2
BRDA:23,0,0,0
BRDA:25,1,0,0
BRDA:25,1,1,0
BRDA:28,2,0,0
BRDA:28,2,1,0
BRDA:28,3,0,0
BRDA:28,3,1,0
BRDA:36,4,0,0
BRDA:36,4,1,0
BRDA:36,5,0,0
BRDA:36,5,1,0
BRF:11
BRH:0
end_of_record
TN:
SF:C:\Users\Admin\apps\demo\RNMobx-boilerplate\app\utils\index.js
FNF:0
FNH:0
LF:0
LH:0
BRF:0
BRH:0
end_of_record
TN:
SF:C:\Users\Admin\apps\demo\RNMobx-boilerplate\app\utils\params.js
FN:5,queryString
FN:6,(anonymous_1)
FNF:2
FNH:0
FNDA:0,queryString
FNDA:0,(anonymous_1)
DA:6,0
DA:7,0
LF:2
LH:0
BRDA:5,0,0,0
BRDA:7,1,0,0
BRDA:7,1,1,0
BRF:3
BRH:0
end_of_record
TN:
SF:C:\Users\Admin\apps\demo\RNMobx-boilerplate\jest\setup.js
FNF:0
FNH:0
DA:1,9
DA:2,9
DA:3,9
DA:4,9
DA:5,9
LF:5
LH:5
BRF:0
BRH:0
end_of_record
